[Info  - 11:28:32 AM] Linter is running.
[Warn  - 11:28:33 AM] 
Failed to load the TSLint library for the document /home/ansi/DADN/client/src/views/DeviceEvent.js

To use TSLint in this workspace please install tslint using 'npm install tslint' or globally using 'npm install -g tslint'.
TSLint has a peer dependency on `typescript`, make sure that `typescript` is installed as well.
You need to reopen the workspace after installing tslint.
[Warn  - 11:29:16 AM] 
Failed to load the TSLint library for the document /home/ansi/DADN/client/src/views/DeviceEvent.js

To use TSLint in this workspace please install tslint using 'npm install tslint' or globally using 'npm install -g tslint'.
TSLint has a peer dependency on `typescript`, make sure that `typescript` is installed as well.
You need to reopen the workspace after installing tslint.
[Warn  - 11:29:25 AM] 
Failed to load the TSLint library for the document /home/ansi/DADN/client/src/views/DeviceEvent.js

To use TSLint in this workspace please install tslint using 'npm install tslint' or globally using 'npm install -g tslint'.
TSLint has a peer dependency on `typescript`, make sure that `typescript` is installed as well.
You need to reopen the workspace after installing tslint.
[Warn  - 11:29:26 AM] 
Failed to load the TSLint library for the document /home/ansi/DADN/client/src/views/DeviceEvent.js

To use TSLint in this workspace please install tslint using 'npm install tslint' or globally using 'npm install -g tslint'.
TSLint has a peer dependency on `typescript`, make sure that `typescript` is installed as well.
You need to reopen the workspace after installing tslint.
[Warn  - 11:29:26 AM] 
Failed to load the TSLint library for the document /home/ansi/DADN/client/src/views/DeviceEvent.js

To use TSLint in this workspace please install tslint using 'npm install tslint' or globally using 'npm install -g tslint'.
TSLint has a peer dependency on `typescript`, make sure that `typescript` is installed as well.
You need to reopen the workspace after installing tslint.
[Warn  - 11:29:27 AM] 
Failed to load the TSLint library for the document /home/ansi/DADN/client/src/views/DeviceEvent.js

To use TSLint in this workspace please install tslint using 'npm install tslint' or globally using 'npm install -g tslint'.
TSLint has a peer dependency on `typescript`, make sure that `typescript` is installed as well.
You need to reopen the workspace after installing tslint.
[Warn  - 11:29:29 AM] 
Failed to load the TSLint library for the document /home/ansi/DADN/client/src/views/DeviceEvent.js

To use TSLint in this workspace please install tslint using 'npm install tslint' or globally using 'npm install -g tslint'.
TSLint has a peer dependency on `typescript`, make sure that `typescript` is installed as well.
You need to reopen the workspace after installing tslint.
[Warn  - 11:29:30 AM] 
Failed to load the TSLint library for the document /home/ansi/DADN/client/src/views/DeviceEvent.js

To use TSLint in this workspace please install tslint using 'npm install tslint' or globally using 'npm install -g tslint'.
TSLint has a peer dependency on `typescript`, make sure that `typescript` is installed as well.
You need to reopen the workspace after installing tslint.
[Warn  - 11:29:30 AM] 
Failed to load the TSLint library for the document /home/ansi/DADN/client/src/views/DeviceEvent.js

To use TSLint in this workspace please install tslint using 'npm install tslint' or globally using 'npm install -g tslint'.
TSLint has a peer dependency on `typescript`, make sure that `typescript` is installed as well.
You need to reopen the workspace after installing tslint.
[Warn  - 11:29:32 AM] 
Failed to load the TSLint library for the document /home/ansi/DADN/client/src/views/DeviceEvent.js

To use TSLint in this workspace please install tslint using 'npm install tslint' or globally using 'npm install -g tslint'.
TSLint has a peer dependency on `typescript`, make sure that `typescript` is installed as well.
You need to reopen the workspace after installing tslint.
[Warn  - 11:29:32 AM] 
Failed to load the TSLint library for the document /home/ansi/DADN/client/src/views/DeviceEvent.js

To use TSLint in this workspace please install tslint using 'npm install tslint' or globally using 'npm install -g tslint'.
TSLint has a peer dependency on `typescript`, make sure that `typescript` is installed as well.
You need to reopen the workspace after installing tslint.
[Warn  - 11:29:33 AM] 
Failed to load the TSLint library for the document /home/ansi/DADN/client/src/views/DeviceEvent.js

To use TSLint in this workspace please install tslint using 'npm install tslint' or globally using 'npm install -g tslint'.
TSLint has a peer dependency on `typescript`, make sure that `typescript` is installed as well.
You need to reopen the workspace after installing tslint.
[Warn  - 11:29:34 AM] 
Failed to load the TSLint library for the document /home/ansi/DADN/client/src/views/DeviceEvent.js

To use TSLint in this workspace please install tslint using 'npm install tslint' or globally using 'npm install -g tslint'.
TSLint has a peer dependency on `typescript`, make sure that `typescript` is installed as well.
You need to reopen the workspace after installing tslint.
[Warn  - 11:29:35 AM] 
Failed to load the TSLint library for the document /home/ansi/DADN/client/src/views/DeviceEvent.js

To use TSLint in this workspace please install tslint using 'npm install tslint' or globally using 'npm install -g tslint'.
TSLint has a peer dependency on `typescript`, make sure that `typescript` is installed as well.
You need to reopen the workspace after installing tslint.
[Warn  - 11:29:35 AM] 
Failed to load the TSLint library for the document /home/ansi/DADN/client/src/views/DeviceEvent.js

To use TSLint in this workspace please install tslint using 'npm install tslint' or globally using 'npm install -g tslint'.
TSLint has a peer dependency on `typescript`, make sure that `typescript` is installed as well.
You need to reopen the workspace after installing tslint.
[Warn  - 11:29:36 AM] 
Failed to load the TSLint library for the document /home/ansi/DADN/client/src/views/DeviceEvent.js

To use TSLint in this workspace please install tslint using 'npm install tslint' or globally using 'npm install -g tslint'.
TSLint has a peer dependency on `typescript`, make sure that `typescript` is installed as well.
You need to reopen the workspace after installing tslint.
[Warn  - 11:29:36 AM] 
Failed to load the TSLint library for the document /home/ansi/DADN/client/src/views/DeviceEvent.js

To use TSLint in this workspace please install tslint using 'npm install tslint' or globally using 'npm install -g tslint'.
TSLint has a peer dependency on `typescript`, make sure that `typescript` is installed as well.
You need to reopen the workspace after installing tslint.
[Warn  - 11:29:37 AM] 
Failed to load the TSLint library for the document /home/ansi/DADN/client/src/views/DeviceEvent.js

To use TSLint in this workspace please install tslint using 'npm install tslint' or globally using 'npm install -g tslint'.
TSLint has a peer dependency on `typescript`, make sure that `typescript` is installed as well.
You need to reopen the workspace after installing tslint.
[Warn  - 11:29:37 AM] 
Failed to load the TSLint library for the document /home/ansi/DADN/client/src/views/DeviceEvent.js

To use TSLint in this workspace please install tslint using 'npm install tslint' or globally using 'npm install -g tslint'.
TSLint has a peer dependency on `typescript`, make sure that `typescript` is installed as well.
You need to reopen the workspace after installing tslint.
[Warn  - 11:29:38 AM] 
Failed to load the TSLint library for the document /home/ansi/DADN/client/src/views/DeviceEvent.js

To use TSLint in this workspace please install tslint using 'npm install tslint' or globally using 'npm install -g tslint'.
TSLint has a peer dependency on `typescript`, make sure that `typescript` is installed as well.
You need to reopen the workspace after installing tslint.
[Warn  - 11:29:39 AM] 
Failed to load the TSLint library for the document /home/ansi/DADN/client/src/views/DeviceEvent.js

To use TSLint in this workspace please install tslint using 'npm install tslint' or globally using 'npm install -g tslint'.
TSLint has a peer dependency on `typescript`, make sure that `typescript` is installed as well.
You need to reopen the workspace after installing tslint.
[Warn  - 11:29:40 AM] 
Failed to load the TSLint library for the document /home/ansi/DADN/client/src/views/DeviceEvent.js

To use TSLint in this workspace please install tslint using 'npm install tslint' or globally using 'npm install -g tslint'.
TSLint has a peer dependency on `typescript`, make sure that `typescript` is installed as well.
You need to reopen the workspace after installing tslint.
[Warn  - 11:29:40 AM] 
Failed to load the TSLint library for the document /home/ansi/DADN/client/src/views/DeviceEvent.js

To use TSLint in this workspace please install tslint using 'npm install tslint' or globally using 'npm install -g tslint'.
TSLint has a peer dependency on `typescript`, make sure that `typescript` is installed as well.
You need to reopen the workspace after installing tslint.
[Warn  - 11:29:41 AM] 
Failed to load the TSLint library for the document /home/ansi/DADN/client/src/views/DeviceEvent.js

To use TSLint in this workspace please install tslint using 'npm install tslint' or globally using 'npm install -g tslint'.
TSLint has a peer dependency on `typescript`, make sure that `typescript` is installed as well.
You need to reopen the workspace after installing tslint.
[Warn  - 11:29:41 AM] 
Failed to load the TSLint library for the document /home/ansi/DADN/client/src/views/DeviceEvent.js

To use TSLint in this workspace please install tslint using 'npm install tslint' or globally using 'npm install -g tslint'.
TSLint has a peer dependency on `typescript`, make sure that `typescript` is installed as well.
You need to reopen the workspace after installing tslint.
[Warn  - 11:29:41 AM] 
Failed to load the TSLint library for the document /home/ansi/DADN/client/src/views/DeviceEvent.js

To use TSLint in this workspace please install tslint using 'npm install tslint' or globally using 'npm install -g tslint'.
TSLint has a peer dependency on `typescript`, make sure that `typescript` is installed as well.
You need to reopen the workspace after installing tslint.
[Warn  - 11:29:42 AM] 
Failed to load the TSLint library for the document /home/ansi/DADN/client/src/views/DeviceEvent.js

To use TSLint in this workspace please install tslint using 'npm install tslint' or globally using 'npm install -g tslint'.
TSLint has a peer dependency on `typescript`, make sure that `typescript` is installed as well.
You need to reopen the workspace after installing tslint.
[Warn  - 11:30:16 AM] 
Failed to load the TSLint library for the document /home/ansi/DADN/client/src/views/DeviceEvent.js

To use TSLint in this workspace please install tslint using 'npm install tslint' or globally using 'npm install -g tslint'.
TSLint has a peer dependency on `typescript`, make sure that `typescript` is installed as well.
You need to reopen the workspace after installing tslint.
[Warn  - 11:30:16 AM] 
Failed to load the TSLint library for the document /home/ansi/DADN/client/src/views/DeviceEvent.js

To use TSLint in this workspace please install tslint using 'npm install tslint' or globally using 'npm install -g tslint'.
TSLint has a peer dependency on `typescript`, make sure that `typescript` is installed as well.
You need to reopen the workspace after installing tslint.
[Warn  - 11:30:17 AM] 
Failed to load the TSLint library for the document /home/ansi/DADN/client/src/views/DeviceEvent.js

To use TSLint in this workspace please install tslint using 'npm install tslint' or globally using 'npm install -g tslint'.
TSLint has a peer dependency on `typescript`, make sure that `typescript` is installed as well.
You need to reopen the workspace after installing tslint.
[Warn  - 11:30:17 AM] 
Failed to load the TSLint library for the document /home/ansi/DADN/client/src/views/DeviceEvent.js

To use TSLint in this workspace please install tslint using 'npm install tslint' or globally using 'npm install -g tslint'.
TSLint has a peer dependency on `typescript`, make sure that `typescript` is installed as well.
You need to reopen the workspace after installing tslint.
[Warn  - 11:30:28 AM] 
Failed to load the TSLint library for the document /home/ansi/DADN/client/src/views/DeviceEvent.js

To use TSLint in this workspace please install tslint using 'npm install tslint' or globally using 'npm install -g tslint'.
TSLint has a peer dependency on `typescript`, make sure that `typescript` is installed as well.
You need to reopen the workspace after installing tslint.
[Warn  - 11:30:31 AM] 
Failed to load the TSLint library for the document /home/ansi/DADN/client/src/views/DeviceEvent.js

To use TSLint in this workspace please install tslint using 'npm install tslint' or globally using 'npm install -g tslint'.
TSLint has a peer dependency on `typescript`, make sure that `typescript` is installed as well.
You need to reopen the workspace after installing tslint.
[Warn  - 11:30:33 AM] 
Failed to load the TSLint library for the document /home/ansi/DADN/client/src/views/DeviceEvent.js

To use TSLint in this workspace please install tslint using 'npm install tslint' or globally using 'npm install -g tslint'.
TSLint has a peer dependency on `typescript`, make sure that `typescript` is installed as well.
You need to reopen the workspace after installing tslint.
[Warn  - 11:30:34 AM] 
Failed to load the TSLint library for the document /home/ansi/DADN/client/src/views/DeviceEvent.js

To use TSLint in this workspace please install tslint using 'npm install tslint' or globally using 'npm install -g tslint'.
TSLint has a peer dependency on `typescript`, make sure that `typescript` is installed as well.
You need to reopen the workspace after installing tslint.
[Warn  - 11:30:34 AM] 
Failed to load the TSLint library for the document /home/ansi/DADN/client/src/views/DeviceEvent.js

To use TSLint in this workspace please install tslint using 'npm install tslint' or globally using 'npm install -g tslint'.
TSLint has a peer dependency on `typescript`, make sure that `typescript` is installed as well.
You need to reopen the workspace after installing tslint.
[Warn  - 11:30:36 AM] 
Failed to load the TSLint library for the document /home/ansi/DADN/client/src/views/DeviceEvent.js

To use TSLint in this workspace please install tslint using 'npm install tslint' or globally using 'npm install -g tslint'.
TSLint has a peer dependency on `typescript`, make sure that `typescript` is installed as well.
You need to reopen the workspace after installing tslint.
[Warn  - 11:30:43 AM] 
Failed to load the TSLint library for the document /home/ansi/DADN/client/src/views/DeviceEvent.js

To use TSLint in this workspace please install tslint using 'npm install tslint' or globally using 'npm install -g tslint'.
TSLint has a peer dependency on `typescript`, make sure that `typescript` is installed as well.
You need to reopen the workspace after installing tslint.
[Warn  - 11:30:57 AM] 
Failed to load the TSLint library for the document /home/ansi/DADN/client/src/views/DeviceEvent.js

To use TSLint in this workspace please install tslint using 'npm install tslint' or globally using 'npm install -g tslint'.
TSLint has a peer dependency on `typescript`, make sure that `typescript` is installed as well.
You need to reopen the workspace after installing tslint.
[Warn  - 11:31:18 AM] 
Failed to load the TSLint library for the document /home/ansi/DADN/client/src/views/DeviceEvent.js

To use TSLint in this workspace please install tslint using 'npm install tslint' or globally using 'npm install -g tslint'.
TSLint has a peer dependency on `typescript`, make sure that `typescript` is installed as well.
You need to reopen the workspace after installing tslint.
[Warn  - 11:31:19 AM] 
Failed to load the TSLint library for the document /home/ansi/DADN/client/src/views/DeviceEvent.js

To use TSLint in this workspace please install tslint using 'npm install tslint' or globally using 'npm install -g tslint'.
TSLint has a peer dependency on `typescript`, make sure that `typescript` is installed as well.
You need to reopen the workspace after installing tslint.
[Warn  - 11:31:19 AM] 
Failed to load the TSLint library for the document /home/ansi/DADN/client/src/views/DeviceEvent.js

To use TSLint in this workspace please install tslint using 'npm install tslint' or globally using 'npm install -g tslint'.
TSLint has a peer dependency on `typescript`, make sure that `typescript` is installed as well.
You need to reopen the workspace after installing tslint.
[Warn  - 11:31:21 AM] 
Failed to load the TSLint library for the document /home/ansi/DADN/client/src/views/DeviceEvent.js

To use TSLint in this workspace please install tslint using 'npm install tslint' or globally using 'npm install -g tslint'.
TSLint has a peer dependency on `typescript`, make sure that `typescript` is installed as well.
You need to reopen the workspace after installing tslint.
[Warn  - 11:31:24 AM] 
Failed to load the TSLint library for the document /home/ansi/DADN/client/src/views/DeviceEvent.js

To use TSLint in this workspace please install tslint using 'npm install tslint' or globally using 'npm install -g tslint'.
TSLint has a peer dependency on `typescript`, make sure that `typescript` is installed as well.
You need to reopen the workspace after installing tslint.
[Warn  - 11:31:25 AM] 
Failed to load the TSLint library for the document /home/ansi/DADN/client/src/views/DeviceEvent.js

To use TSLint in this workspace please install tslint using 'npm install tslint' or globally using 'npm install -g tslint'.
TSLint has a peer dependency on `typescript`, make sure that `typescript` is installed as well.
You need to reopen the workspace after installing tslint.
[Warn  - 11:31:42 AM] 
Failed to load the TSLint library for the document /home/ansi/DADN/client/src/views/DeviceEvent.js

To use TSLint in this workspace please install tslint using 'npm install tslint' or globally using 'npm install -g tslint'.
TSLint has a peer dependency on `typescript`, make sure that `typescript` is installed as well.
You need to reopen the workspace after installing tslint.
[Warn  - 11:33:08 AM] 
Failed to load the TSLint library for the document /home/ansi/DADN/client/src/views/DeviceEvent.js

To use TSLint in this workspace please install tslint using 'npm install tslint' or globally using 'npm install -g tslint'.
TSLint has a peer dependency on `typescript`, make sure that `typescript` is installed as well.
You need to reopen the workspace after installing tslint.
[Warn  - 11:33:10 AM] 
Failed to load the TSLint library for the document /home/ansi/DADN/client/src/views/DeviceEvent.js

To use TSLint in this workspace please install tslint using 'npm install tslint' or globally using 'npm install -g tslint'.
TSLint has a peer dependency on `typescript`, make sure that `typescript` is installed as well.
You need to reopen the workspace after installing tslint.
[Warn  - 11:33:11 AM] 
Failed to load the TSLint library for the document /home/ansi/DADN/client/src/views/DeviceEvent.js

To use TSLint in this workspace please install tslint using 'npm install tslint' or globally using 'npm install -g tslint'.
TSLint has a peer dependency on `typescript`, make sure that `typescript` is installed as well.
You need to reopen the workspace after installing tslint.
[Warn  - 11:33:11 AM] 
Failed to load the TSLint library for the document /home/ansi/DADN/client/src/views/DeviceEvent.js

To use TSLint in this workspace please install tslint using 'npm install tslint' or globally using 'npm install -g tslint'.
TSLint has a peer dependency on `typescript`, make sure that `typescript` is installed as well.
You need to reopen the workspace after installing tslint.
[Warn  - 11:33:12 AM] 
Failed to load the TSLint library for the document /home/ansi/DADN/client/src/views/DeviceEvent.js

To use TSLint in this workspace please install tslint using 'npm install tslint' or globally using 'npm install -g tslint'.
TSLint has a peer dependency on `typescript`, make sure that `typescript` is installed as well.
You need to reopen the workspace after installing tslint.
[Warn  - 11:33:13 AM] 
Failed to load the TSLint library for the document /home/ansi/DADN/client/src/views/DeviceEvent.js

To use TSLint in this workspace please install tslint using 'npm install tslint' or globally using 'npm install -g tslint'.
TSLint has a peer dependency on `typescript`, make sure that `typescript` is installed as well.
You need to reopen the workspace after installing tslint.
[Warn  - 11:33:19 AM] 
Failed to load the TSLint library for the document /home/ansi/DADN/client/src/views/DeviceEvent.js

To use TSLint in this workspace please install tslint using 'npm install tslint' or globally using 'npm install -g tslint'.
TSLint has a peer dependency on `typescript`, make sure that `typescript` is installed as well.
You need to reopen the workspace after installing tslint.
[Warn  - 11:33:20 AM] 
Failed to load the TSLint library for the document /home/ansi/DADN/client/src/views/DeviceEvent.js

To use TSLint in this workspace please install tslint using 'npm install tslint' or globally using 'npm install -g tslint'.
TSLint has a peer dependency on `typescript`, make sure that `typescript` is installed as well.
You need to reopen the workspace after installing tslint.
[Warn  - 11:33:23 AM] 
Failed to load the TSLint library for the document /home/ansi/DADN/client/src/views/DeviceEvent.js

To use TSLint in this workspace please install tslint using 'npm install tslint' or globally using 'npm install -g tslint'.
TSLint has a peer dependency on `typescript`, make sure that `typescript` is installed as well.
You need to reopen the workspace after installing tslint.
[Warn  - 11:33:25 AM] 
Failed to load the TSLint library for the document /home/ansi/DADN/client/src/views/DeviceEvent.js

To use TSLint in this workspace please install tslint using 'npm install tslint' or globally using 'npm install -g tslint'.
TSLint has a peer dependency on `typescript`, make sure that `typescript` is installed as well.
You need to reopen the workspace after installing tslint.
[Warn  - 11:33:26 AM] 
Failed to load the TSLint library for the document /home/ansi/DADN/client/src/views/DeviceEvent.js

To use TSLint in this workspace please install tslint using 'npm install tslint' or globally using 'npm install -g tslint'.
TSLint has a peer dependency on `typescript`, make sure that `typescript` is installed as well.
You need to reopen the workspace after installing tslint.
[Warn  - 11:33:26 AM] 
Failed to load the TSLint library for the document /home/ansi/DADN/client/src/views/DeviceEvent.js

To use TSLint in this workspace please install tslint using 'npm install tslint' or globally using 'npm install -g tslint'.
TSLint has a peer dependency on `typescript`, make sure that `typescript` is installed as well.
You need to reopen the workspace after installing tslint.
[Warn  - 11:33:33 AM] 
Failed to load the TSLint library for the document /home/ansi/DADN/client/src/views/DeviceEvent.js

To use TSLint in this workspace please install tslint using 'npm install tslint' or globally using 'npm install -g tslint'.
TSLint has a peer dependency on `typescript`, make sure that `typescript` is installed as well.
You need to reopen the workspace after installing tslint.
[Warn  - 11:33:33 AM] 
Failed to load the TSLint library for the document /home/ansi/DADN/client/src/views/DeviceEvent.js

To use TSLint in this workspace please install tslint using 'npm install tslint' or globally using 'npm install -g tslint'.
TSLint has a peer dependency on `typescript`, make sure that `typescript` is installed as well.
You need to reopen the workspace after installing tslint.
[Warn  - 11:33:34 AM] 
Failed to load the TSLint library for the document /home/ansi/DADN/client/src/views/DeviceEvent.js

To use TSLint in this workspace please install tslint using 'npm install tslint' or globally using 'npm install -g tslint'.
TSLint has a peer dependency on `typescript`, make sure that `typescript` is installed as well.
You need to reopen the workspace after installing tslint.
[Warn  - 11:33:35 AM] 
Failed to load the TSLint library for the document /home/ansi/DADN/client/src/views/DeviceEvent.js

To use TSLint in this workspace please install tslint using 'npm install tslint' or globally using 'npm install -g tslint'.
TSLint has a peer dependency on `typescript`, make sure that `typescript` is installed as well.
You need to reopen the workspace after installing tslint.
[Warn  - 11:33:40 AM] 
Failed to load the TSLint library for the document /home/ansi/DADN/client/src/views/DeviceEvent.js

To use TSLint in this workspace please install tslint using 'npm install tslint' or globally using 'npm install -g tslint'.
TSLint has a peer dependency on `typescript`, make sure that `typescript` is installed as well.
You need to reopen the workspace after installing tslint.
[Warn  - 11:33:41 AM] 
Failed to load the TSLint library for the document /home/ansi/DADN/client/src/views/DeviceEvent.js

To use TSLint in this workspace please install tslint using 'npm install tslint' or globally using 'npm install -g tslint'.
TSLint has a peer dependency on `typescript`, make sure that `typescript` is installed as well.
You need to reopen the workspace after installing tslint.
[Warn  - 11:33:42 AM] 
Failed to load the TSLint library for the document /home/ansi/DADN/client/src/views/DeviceEvent.js

To use TSLint in this workspace please install tslint using 'npm install tslint' or globally using 'npm install -g tslint'.
TSLint has a peer dependency on `typescript`, make sure that `typescript` is installed as well.
You need to reopen the workspace after installing tslint.
[Warn  - 11:33:43 AM] 
Failed to load the TSLint library for the document /home/ansi/DADN/client/src/views/DeviceEvent.js

To use TSLint in this workspace please install tslint using 'npm install tslint' or globally using 'npm install -g tslint'.
TSLint has a peer dependency on `typescript`, make sure that `typescript` is installed as well.
You need to reopen the workspace after installing tslint.
