Initializing document watcher...
DADN/backend/routes/event.js: {}
DADN/backend/routes/event.js: {}
DADN/backend/routes/event.js: {}
DADN/backend/routes/event.js: {}
DADN/backend/routes/event.js: {}
DADN/backend/routes/event.js: Using EditorConfig core...
DADN/backend/routes/event.js: Using EditorConfig core...
DADN/backend/routes/event.js: Using EditorConfig core...
DADN/backend/routes/event.js: Using EditorConfig core...
DADN/backend/routes/event.js: Using EditorConfig core...
DADN/backend/routes/event.js: Using EditorConfig core...
DADN/backend/routes/event.js: Using EditorConfig core...
DADN/backend/routes/event.js: {}
DADN/backend/routes/event.js: Using EditorConfig core...
DADN/backend/models/eventModel.js: {}
DADN/backend/routes/event.js: {}
DADN/backend/routes/event.js: {}
DADN/backend/models/eventModel.js: {}
DADN/backend/routes/event.js: {}
DADN/backend/models/eventModel.js: {}
DADN/backend/models/eventModel.js: Using EditorConfig core...
DADN/backend/models/eventModel.js: {}
DADN/backend/models/eventModel.js: {}
DADN/backend/models/eventModel.js: Using EditorConfig core...
DADN/backend/models/eventModel.js: Using EditorConfig core...
DADN/backend/models/eventModel.js: Using EditorConfig core...
DADN/backend/models/eventModel.js: Using EditorConfig core...
DADN/backend/models/eventModel.js: Using EditorConfig core...
DADN/backend/routes/event.js: {}
DADN/backend/routes/event.js: Using EditorConfig core...
DADN/backend/routes/event.js: Using EditorConfig core...
DADN/backend/routes/event.js: Using EditorConfig core...
DADN/backend/routes/event.js: Using EditorConfig core...
DADN/backend/routes/event.js: {}
DADN/backend/models/eventModel.js: {}
DADN/backend/models/eventModel.js: Using EditorConfig core...
DADN/backend/models/eventModel.js: {}
DADN/backend/models/eventModel.js: Using EditorConfig core...
DADN/backend/models/eventModel.js: Using EditorConfig core...
DADN/backend/models/eventModel.js: {}
DADN/backend/routes/event.js: {}
DADN/backend/models/eventModel.js: {}
DADN/backend/routes/event.js: {}
DADN/backend/routes/event.js: Using EditorConfig core...
DADN/backend/routes/event.js: {}
DADN/backend/routes/event.js: Using EditorConfig core...
DADN/backend/routes/event.js: {}
DADN/backend/models/eventModel.js: {}
DADN/backend/models/eventModel.js: {}
DADN/backend/models/eventModel.js: Using EditorConfig core...
DADN/backend/routes/event.js: {}
DADN/backend/routes/event.js: {}
DADN/backend/models/eventModel.js: {}
DADN/backend/routes/event.js: {}
DADN/backend/models/eventModel.js: {}
DADN/backend/models/eventModel.js: Using EditorConfig core...
DADN/backend/routes/event.js: {}
DADN/backend/routes/event.js: Using EditorConfig core...
DADN/backend/routes/event.js: Using EditorConfig core...
DADN/backend/routes/event.js: Using EditorConfig core...
DADN/backend/routes/event.js: Using EditorConfig core...
DADN/backend/routes/event.js: {}
DADN/backend/routes/event.js: {}
DADN/backend/routes/event.js: Using EditorConfig core...
DADN/backend/routes/event.js: {}
DADN/backend/routes/event.js: Using EditorConfig core...
DADN/backend/routes/event.js: Using EditorConfig core...
DADN/backend/routes/event.js: {}
DADN/backend/routes/event.js: Using EditorConfig core...
DADN/backend/routes/event.js: {}
DADN/backend/routes/event.js: Using EditorConfig core...
DADN/backend/models/eventModel.js: {}
DADN/backend/routes/event.js: {}
DADN/backend/routes/event.js: Using EditorConfig core...
DADN/backend/routes/event.js: {}
DADN/backend/routes/event.js: Using EditorConfig core...
DADN/backend/routes/event.js: {}
DADN/backend/models/eventModel.js: {}
DADN/backend/models/eventModel.js: Using EditorConfig core...
DADN/backend/routes/event.js: {}
DADN/client/src/views/DeviceEvent.js: {}
DADN/client/src/views/DeviceEvent.js: {}
DADN/client/src/views/DeviceEvent.js: Using EditorConfig core...
DADN/client/src/views/DeviceEvent.js: {}
DADN/client/src/views/DeviceEvent.js: Using EditorConfig core...
DADN/client/src/views/DeviceEvent.js: {}
DADN/backend/models/eventModel.js: {}
DADN/backend/routes/event.js: {}
DADN/backend/models/eventModel.js: {}
DADN/backend/models/eventModel.js: Using EditorConfig core...
DADN/backend/models/eventModel.js: {}
DADN/client/src/views/DeviceEvent.js: {}
DADN/backend/models/eventModel.js: {}
DADN/client/src/views/DeviceEvent.js: {}
DADN/backend/routes/event.js: {}
DADN/backend/models/eventModel.js: {}
DADN/backend/models/eventModel.js: Using EditorConfig core...
DADN/backend/models/eventModel.js: {}
DADN/client/src/views/DeviceEvent.js: {}
DADN/backend/routes/event.js: {}
DADN/backend/models/eventModel.js: {}
DADN/backend/models/eventModel.js: {}
DADN/backend/routes/event.js: {}
DADN/client/src/views/DeviceEvent.js: {}
DADN/backend/routes/event.js: {}
DADN/backend/models/eventModel.js: {}
DADN/backend/models/eventModel.js: Using EditorConfig core...
DADN/client/src/views/DeviceEvent.js: {}
DADN/backend/routes/event.js: {}
DADN/backend/routes/event.js: Using EditorConfig core...
DADN/backend/routes/event.js: Using EditorConfig core...
DADN/backend/routes/event.js: Using EditorConfig core...
DADN/backend/routes/event.js: Using EditorConfig core...
DADN/backend/routes/event.js: Using EditorConfig core...
DADN/backend/routes/event.js: Using EditorConfig core...
DADN/backend/routes/event.js: {}
DADN/client/src/views/DeviceEvent.js: {}
DADN/backend/models/eventModel.js: {}
DADN/client/src/views/DeviceEvent.js: {}
DADN/backend/routes/event.js: {}
DADN/client/src/views/DeviceEvent.js: {}
DADN/client/src/views/DeviceEvent.js: {}
DADN/backend/models/eventModel.js: {}
DADN/client/src/views/DeviceEvent.js: {}
