[2020-06-04 17:11:26.281] [renderer1] [error] Error: [File Watcher (chokidar)] Inotify limit reached (ENOSPC)
[2020-06-04 17:11:26.294] [renderer1] [error] [File Watcher (chokidar)] Inotify limit reached (ENOSPC)
[2020-06-04 17:17:24.989] [renderer1] [error] <syntax> TypeScript Server Error (3.8.3)
Debug Failure. False expression: Expected line to be non-zero
Error: Debug Failure. False expression: Expected line to be non-zero
    at failIfInvalidLocation (/snap/code/33/usr/share/code/resources/app/extensions/node_modules/typescript/lib/tsserver.js:138899:22)
    at ScriptInfo.positionToLineOffset (/snap/code/33/usr/share/code/resources/app/extensions/node_modules/typescript/lib/tsserver.js:138872:17)
    at toProtocolTextSpan (/snap/code/33/usr/share/code/resources/app/extensions/node_modules/typescript/lib/tsserver.js:146077:35)
    at /snap/code/33/usr/share/code/resources/app/extensions/node_modules/typescript/lib/tsserver.js:145608:68
    at Array.map (<anonymous>)
    at IOSession.Session.toLocationNavigationTree (/snap/code/33/usr/share/code/resources/app/extensions/node_modules/typescript/lib/tsserver.js:145608:39)
    at IOSession.Session.getNavigationTree (/snap/code/33/usr/share/code/resources/app/extensions/node_modules/typescript/lib/tsserver.js:145619:32)
    at Session.handlers.ts.createMapFromTemplate._a.<computed> (/snap/code/33/usr/share/code/resources/app/extensions/node_modules/typescript/lib/tsserver.js:144481:61)
    at /snap/code/33/usr/share/code/resources/app/extensions/node_modules/typescript/lib/tsserver.js:146003:88
    at IOSession.Session.executeWithRequestId (/snap/code/33/usr/share/code/resources/app/extensions/node_modules/typescript/lib/tsserver.js:145994:28)
    at IOSession.Session.executeCommand (/snap/code/33/usr/share/code/resources/app/extensions/node_modules/typescript/lib/tsserver.js:146003:33)
    at IOSession.Session.onMessage (/snap/code/33/usr/share/code/resources/app/extensions/node_modules/typescript/lib/tsserver.js:146027:35)
    at Interface.<anonymous> (/snap/code/33/usr/share/code/resources/app/extensions/node_modules/typescript/lib/tsserver.js:147342:27)
    at Interface.emit (events.js:203:13)
    at Interface._onLine (readline.js:316:10)
    at Interface._normalWrite (readline.js:461:12)
    at Socket.ondata (readline.js:172:10)
    at Socket.emit (events.js:203:13)
    at addChunk (_stream_readable.js:295:12)
    at readableAddChunk (_stream_readable.js:276:11)
    at Socket.Readable.push (_stream_readable.js:210:10)
    at Pipe.onStreamRead (internal/stream_base_commons.js:166:17): Error: <syntax> TypeScript Server Error (3.8.3)
Debug Failure. False expression: Expected line to be non-zero
Error: Debug Failure. False expression: Expected line to be non-zero
    at failIfInvalidLocation (/snap/code/33/usr/share/code/resources/app/extensions/node_modules/typescript/lib/tsserver.js:138899:22)
    at ScriptInfo.positionToLineOffset (/snap/code/33/usr/share/code/resources/app/extensions/node_modules/typescript/lib/tsserver.js:138872:17)
    at toProtocolTextSpan (/snap/code/33/usr/share/code/resources/app/extensions/node_modules/typescript/lib/tsserver.js:146077:35)
    at /snap/code/33/usr/share/code/resources/app/extensions/node_modules/typescript/lib/tsserver.js:145608:68
    at Array.map (<anonymous>)
    at IOSession.Session.toLocationNavigationTree (/snap/code/33/usr/share/code/resources/app/extensions/node_modules/typescript/lib/tsserver.js:145608:39)
    at IOSession.Session.getNavigationTree (/snap/code/33/usr/share/code/resources/app/extensions/node_modules/typescript/lib/tsserver.js:145619:32)
    at Session.handlers.ts.createMapFromTemplate._a.<computed> (/snap/code/33/usr/share/code/resources/app/extensions/node_modules/typescript/lib/tsserver.js:144481:61)
    at /snap/code/33/usr/share/code/resources/app/extensions/node_modules/typescript/lib/tsserver.js:146003:88
    at IOSession.Session.executeWithRequestId (/snap/code/33/usr/share/code/resources/app/extensions/node_modules/typescript/lib/tsserver.js:145994:28)
    at IOSession.Session.executeCommand (/snap/code/33/usr/share/code/resources/app/extensions/node_modules/typescript/lib/tsserver.js:146003:33)
    at IOSession.Session.onMessage (/snap/code/33/usr/share/code/resources/app/extensions/node_modules/typescript/lib/tsserver.js:146027:35)
    at Interface.<anonymous> (/snap/code/33/usr/share/code/resources/app/extensions/node_modules/typescript/lib/tsserver.js:147342:27)
    at Interface.emit (events.js:203:13)
    at Interface._onLine (readline.js:316:10)
    at Interface._normalWrite (readline.js:461:12)
    at Socket.ondata (readline.js:172:10)
    at Socket.emit (events.js:203:13)
    at addChunk (_stream_readable.js:295:12)
    at readableAddChunk (_stream_readable.js:276:11)
    at Socket.Readable.push (_stream_readable.js:210:10)
    at Pipe.onStreamRead (internal/stream_base_commons.js:166:17)
	at Function.create (/snap/code/33/usr/share/code/resources/app/extensions/typescript-language-features/dist/extension.js:1:52449)
	at e.dispatchResponse (/snap/code/33/usr/share/code/resources/app/extensions/typescript-language-features/dist/extension.js:1:222369)
	at e.dispatchMessage (/snap/code/33/usr/share/code/resources/app/extensions/typescript-language-features/dist/extension.js:1:221287)
	at /snap/code/33/usr/share/code/resources/app/extensions/typescript-language-features/dist/extension.js:1:220763
	at e.fire (/snap/code/33/usr/share/code/resources/app/out/vs/workbench/services/extensions/node/extensionHostProcess.js:46:67)
	at t.Reader.onLengthData (/snap/code/33/usr/share/code/resources/app/extensions/typescript-language-features/dist/extension.js:1:229425)
	at Socket.<anonymous> (/snap/code/33/usr/share/code/resources/app/extensions/typescript-language-features/dist/extension.js:1:229073)
	at Socket.emit (events.js:203:13)
	at addChunk (_stream_readable.js:295:12)
	at readableAddChunk (_stream_readable.js:276:11)
	at Socket.Readable.push (_stream_readable.js:210:10)
	at Pipe.onStreamRead (internal/stream_base_commons.js:166:17)
[2020-06-04 20:11:03.731] [renderer1] [error] <syntax> TypeScript Server Error (3.8.3)
Debug Failure. False expression: Expected line to be non-zero
Error: Debug Failure. False expression: Expected line to be non-zero
    at failIfInvalidLocation (/snap/code/33/usr/share/code/resources/app/extensions/node_modules/typescript/lib/tsserver.js:138899:22)
    at ScriptInfo.positionToLineOffset (/snap/code/33/usr/share/code/resources/app/extensions/node_modules/typescript/lib/tsserver.js:138872:17)
    at toProtocolTextSpan (/snap/code/33/usr/share/code/resources/app/extensions/node_modules/typescript/lib/tsserver.js:146077:35)
    at /snap/code/33/usr/share/code/resources/app/extensions/node_modules/typescript/lib/tsserver.js:145608:68
    at Array.map (<anonymous>)
    at IOSession.Session.toLocationNavigationTree (/snap/code/33/usr/share/code/resources/app/extensions/node_modules/typescript/lib/tsserver.js:145608:39)
    at IOSession.Session.getNavigationTree (/snap/code/33/usr/share/code/resources/app/extensions/node_modules/typescript/lib/tsserver.js:145619:32)
    at Session.handlers.ts.createMapFromTemplate._a.<computed> (/snap/code/33/usr/share/code/resources/app/extensions/node_modules/typescript/lib/tsserver.js:144481:61)
    at /snap/code/33/usr/share/code/resources/app/extensions/node_modules/typescript/lib/tsserver.js:146003:88
    at IOSession.Session.executeWithRequestId (/snap/code/33/usr/share/code/resources/app/extensions/node_modules/typescript/lib/tsserver.js:145994:28)
    at IOSession.Session.executeCommand (/snap/code/33/usr/share/code/resources/app/extensions/node_modules/typescript/lib/tsserver.js:146003:33)
    at IOSession.Session.onMessage (/snap/code/33/usr/share/code/resources/app/extensions/node_modules/typescript/lib/tsserver.js:146027:35)
    at Interface.<anonymous> (/snap/code/33/usr/share/code/resources/app/extensions/node_modules/typescript/lib/tsserver.js:147342:27)
    at Interface.emit (events.js:203:13)
    at Interface._onLine (readline.js:316:10)
    at Interface._normalWrite (readline.js:461:12)
    at Socket.ondata (readline.js:172:10)
    at Socket.emit (events.js:203:13)
    at addChunk (_stream_readable.js:295:12)
    at readableAddChunk (_stream_readable.js:276:11)
    at Socket.Readable.push (_stream_readable.js:210:10)
    at Pipe.onStreamRead (internal/stream_base_commons.js:166:17): Error: <syntax> TypeScript Server Error (3.8.3)
Debug Failure. False expression: Expected line to be non-zero
Error: Debug Failure. False expression: Expected line to be non-zero
    at failIfInvalidLocation (/snap/code/33/usr/share/code/resources/app/extensions/node_modules/typescript/lib/tsserver.js:138899:22)
    at ScriptInfo.positionToLineOffset (/snap/code/33/usr/share/code/resources/app/extensions/node_modules/typescript/lib/tsserver.js:138872:17)
    at toProtocolTextSpan (/snap/code/33/usr/share/code/resources/app/extensions/node_modules/typescript/lib/tsserver.js:146077:35)
    at /snap/code/33/usr/share/code/resources/app/extensions/node_modules/typescript/lib/tsserver.js:145608:68
    at Array.map (<anonymous>)
    at IOSession.Session.toLocationNavigationTree (/snap/code/33/usr/share/code/resources/app/extensions/node_modules/typescript/lib/tsserver.js:145608:39)
    at IOSession.Session.getNavigationTree (/snap/code/33/usr/share/code/resources/app/extensions/node_modules/typescript/lib/tsserver.js:145619:32)
    at Session.handlers.ts.createMapFromTemplate._a.<computed> (/snap/code/33/usr/share/code/resources/app/extensions/node_modules/typescript/lib/tsserver.js:144481:61)
    at /snap/code/33/usr/share/code/resources/app/extensions/node_modules/typescript/lib/tsserver.js:146003:88
    at IOSession.Session.executeWithRequestId (/snap/code/33/usr/share/code/resources/app/extensions/node_modules/typescript/lib/tsserver.js:145994:28)
    at IOSession.Session.executeCommand (/snap/code/33/usr/share/code/resources/app/extensions/node_modules/typescript/lib/tsserver.js:146003:33)
    at IOSession.Session.onMessage (/snap/code/33/usr/share/code/resources/app/extensions/node_modules/typescript/lib/tsserver.js:146027:35)
    at Interface.<anonymous> (/snap/code/33/usr/share/code/resources/app/extensions/node_modules/typescript/lib/tsserver.js:147342:27)
    at Interface.emit (events.js:203:13)
    at Interface._onLine (readline.js:316:10)
    at Interface._normalWrite (readline.js:461:12)
    at Socket.ondata (readline.js:172:10)
    at Socket.emit (events.js:203:13)
    at addChunk (_stream_readable.js:295:12)
    at readableAddChunk (_stream_readable.js:276:11)
    at Socket.Readable.push (_stream_readable.js:210:10)
    at Pipe.onStreamRead (internal/stream_base_commons.js:166:17)
	at Function.create (/snap/code/33/usr/share/code/resources/app/extensions/typescript-language-features/dist/extension.js:1:52449)
	at e.dispatchResponse (/snap/code/33/usr/share/code/resources/app/extensions/typescript-language-features/dist/extension.js:1:222369)
	at e.dispatchMessage (/snap/code/33/usr/share/code/resources/app/extensions/typescript-language-features/dist/extension.js:1:221287)
	at /snap/code/33/usr/share/code/resources/app/extensions/typescript-language-features/dist/extension.js:1:220763
	at e.fire (/snap/code/33/usr/share/code/resources/app/out/vs/workbench/services/extensions/node/extensionHostProcess.js:46:67)
	at t.Reader.onLengthData (/snap/code/33/usr/share/code/resources/app/extensions/typescript-language-features/dist/extension.js:1:229425)
	at Socket.<anonymous> (/snap/code/33/usr/share/code/resources/app/extensions/typescript-language-features/dist/extension.js:1:229073)
	at Socket.emit (events.js:203:13)
	at addChunk (_stream_readable.js:295:12)
	at readableAddChunk (_stream_readable.js:276:11)
	at Socket.Readable.push (_stream_readable.js:210:10)
	at Pipe.onStreamRead (internal/stream_base_commons.js:166:17)
[2020-06-04 20:19:41.916] [renderer1] [error] <semantic> TypeScript Server Error (3.8.3)
Debug Failure.
Error: Debug Failure.
    at Object.assertDefined (/snap/code/33/usr/share/code/resources/app/extensions/node_modules/typescript/lib/tsserver.js:2077:24)
    at deleteNodeInList (/snap/code/33/usr/share/code/resources/app/extensions/node_modules/typescript/lib/tsserver.js:124462:43)
    at Object.deleteDeclaration (/snap/code/33/usr/share/code/resources/app/extensions/node_modules/typescript/lib/tsserver.js:124381:29)
    at _loop_9 (/snap/code/33/usr/share/code/resources/app/extensions/node_modules/typescript/lib/tsserver.js:123906:47)
    at ChangeTracker.finishDeleteDeclarations (/snap/code/33/usr/share/code/resources/app/extensions/node_modules/typescript/lib/tsserver.js:123913:21)
    at ChangeTracker.getChanges (/snap/code/33/usr/share/code/resources/app/extensions/node_modules/typescript/lib/tsserver.js:123933:22)
    at Function.ChangeTracker.with (/snap/code/33/usr/share/code/resources/app/extensions/node_modules/typescript/lib/tsserver.js:123414:32)
    at Object.getCodeActions (/snap/code/33/usr/share/code/resources/app/extensions/node_modules/typescript/lib/tsserver.js:129210:69)
    at /snap/code/33/usr/share/code/resources/app/extensions/node_modules/typescript/lib/tsserver.js:124540:77
    at Object.flatMap (/snap/code/33/usr/share/code/resources/app/extensions/node_modules/typescript/lib/tsserver.js:465:25)
    at Object.getFixes (/snap/code/33/usr/share/code/resources/app/extensions/node_modules/typescript/lib/tsserver.js:124540:23)
    at /snap/code/33/usr/share/code/resources/app/extensions/node_modules/typescript/lib/tsserver.js:135666:35
    at Object.flatMap (/snap/code/33/usr/share/code/resources/app/extensions/node_modules/typescript/lib/tsserver.js:465:25)
    at Proxy.getCodeFixesAtPosition (/snap/code/33/usr/share/code/resources/app/extensions/node_modules/typescript/lib/tsserver.js:135664:23)
    at IOSession.Session.getCodeFixes (/snap/code/33/usr/share/code/resources/app/extensions/node_modules/typescript/lib/tsserver.js:145753:64)
    at Session.handlers.ts.createMapFromTemplate._a.<computed> (/snap/code/33/usr/share/code/resources/app/extensions/node_modules/typescript/lib/tsserver.js:144510:61)
    at /snap/code/33/usr/share/code/resources/app/extensions/node_modules/typescript/lib/tsserver.js:146003:88
    at IOSession.Session.executeWithRequestId (/snap/code/33/usr/share/code/resources/app/extensions/node_modules/typescript/lib/tsserver.js:145994:28)
    at IOSession.Session.executeCommand (/snap/code/33/usr/share/code/resources/app/extensions/node_modules/typescript/lib/tsserver.js:146003:33)
    at IOSession.Session.onMessage (/snap/code/33/usr/share/code/resources/app/extensions/node_modules/typescript/lib/tsserver.js:146027:35)
    at Interface.<anonymous> (/snap/code/33/usr/share/code/resources/app/extensions/node_modules/typescript/lib/tsserver.js:147342:27)
    at Interface.emit (events.js:203:13)
    at Interface._onLine (readline.js:316:10)
    at Interface._normalWrite (readline.js:461:12)
    at Socket.ondata (readline.js:172:10)
    at Socket.emit (events.js:203:13)
    at addChunk (_stream_readable.js:295:12)
    at readableAddChunk (_stream_readable.js:276:11)
    at Socket.Readable.push (_stream_readable.js:210:10)
    at Pipe.onStreamRead (internal/stream_base_commons.js:166:17): Error: <semantic> TypeScript Server Error (3.8.3)
Debug Failure.
Error: Debug Failure.
    at Object.assertDefined (/snap/code/33/usr/share/code/resources/app/extensions/node_modules/typescript/lib/tsserver.js:2077:24)
    at deleteNodeInList (/snap/code/33/usr/share/code/resources/app/extensions/node_modules/typescript/lib/tsserver.js:124462:43)
    at Object.deleteDeclaration (/snap/code/33/usr/share/code/resources/app/extensions/node_modules/typescript/lib/tsserver.js:124381:29)
    at _loop_9 (/snap/code/33/usr/share/code/resources/app/extensions/node_modules/typescript/lib/tsserver.js:123906:47)
    at ChangeTracker.finishDeleteDeclarations (/snap/code/33/usr/share/code/resources/app/extensions/node_modules/typescript/lib/tsserver.js:123913:21)
    at ChangeTracker.getChanges (/snap/code/33/usr/share/code/resources/app/extensions/node_modules/typescript/lib/tsserver.js:123933:22)
    at Function.ChangeTracker.with (/snap/code/33/usr/share/code/resources/app/extensions/node_modules/typescript/lib/tsserver.js:123414:32)
    at Object.getCodeActions (/snap/code/33/usr/share/code/resources/app/extensions/node_modules/typescript/lib/tsserver.js:129210:69)
    at /snap/code/33/usr/share/code/resources/app/extensions/node_modules/typescript/lib/tsserver.js:124540:77
    at Object.flatMap (/snap/code/33/usr/share/code/resources/app/extensions/node_modules/typescript/lib/tsserver.js:465:25)
    at Object.getFixes (/snap/code/33/usr/share/code/resources/app/extensions/node_modules/typescript/lib/tsserver.js:124540:23)
    at /snap/code/33/usr/share/code/resources/app/extensions/node_modules/typescript/lib/tsserver.js:135666:35
    at Object.flatMap (/snap/code/33/usr/share/code/resources/app/extensions/node_modules/typescript/lib/tsserver.js:465:25)
    at Proxy.getCodeFixesAtPosition (/snap/code/33/usr/share/code/resources/app/extensions/node_modules/typescript/lib/tsserver.js:135664:23)
    at IOSession.Session.getCodeFixes (/snap/code/33/usr/share/code/resources/app/extensions/node_modules/typescript/lib/tsserver.js:145753:64)
    at Session.handlers.ts.createMapFromTemplate._a.<computed> (/snap/code/33/usr/share/code/resources/app/extensions/node_modules/typescript/lib/tsserver.js:144510:61)
    at /snap/code/33/usr/share/code/resources/app/extensions/node_modules/typescript/lib/tsserver.js:146003:88
    at IOSession.Session.executeWithRequestId (/snap/code/33/usr/share/code/resources/app/extensions/node_modules/typescript/lib/tsserver.js:145994:28)
    at IOSession.Session.executeCommand (/snap/code/33/usr/share/code/resources/app/extensions/node_modules/typescript/lib/tsserver.js:146003:33)
    at IOSession.Session.onMessage (/snap/code/33/usr/share/code/resources/app/extensions/node_modules/typescript/lib/tsserver.js:146027:35)
    at Interface.<anonymous> (/snap/code/33/usr/share/code/resources/app/extensions/node_modules/typescript/lib/tsserver.js:147342:27)
    at Interface.emit (events.js:203:13)
    at Interface._onLine (readline.js:316:10)
    at Interface._normalWrite (readline.js:461:12)
    at Socket.ondata (readline.js:172:10)
    at Socket.emit (events.js:203:13)
    at addChunk (_stream_readable.js:295:12)
    at readableAddChunk (_stream_readable.js:276:11)
    at Socket.Readable.push (_stream_readable.js:210:10)
    at Pipe.onStreamRead (internal/stream_base_commons.js:166:17)
	at Function.create (/snap/code/33/usr/share/code/resources/app/extensions/typescript-language-features/dist/extension.js:1:52449)
	at e.dispatchResponse (/snap/code/33/usr/share/code/resources/app/extensions/typescript-language-features/dist/extension.js:1:222369)
	at e.dispatchMessage (/snap/code/33/usr/share/code/resources/app/extensions/typescript-language-features/dist/extension.js:1:221287)
	at /snap/code/33/usr/share/code/resources/app/extensions/typescript-language-features/dist/extension.js:1:220763
	at e.fire (/snap/code/33/usr/share/code/resources/app/out/vs/workbench/services/extensions/node/extensionHostProcess.js:46:67)
	at t.Reader.onLengthData (/snap/code/33/usr/share/code/resources/app/extensions/typescript-language-features/dist/extension.js:1:229425)
	at Socket.<anonymous> (/snap/code/33/usr/share/code/resources/app/extensions/typescript-language-features/dist/extension.js:1:229073)
	at Socket.emit (events.js:203:13)
	at addChunk (_stream_readable.js:295:12)
	at readableAddChunk (_stream_readable.js:276:11)
	at Socket.Readable.push (_stream_readable.js:210:10)
	at Pipe.onStreamRead (internal/stream_base_commons.js:166:17)
[2020-06-04 20:48:35.907] [renderer1] [error] <semantic> TypeScript Server Error (3.8.3)
Debug Failure.
Error: Debug Failure.
    at Object.assertDefined (/snap/code/33/usr/share/code/resources/app/extensions/node_modules/typescript/lib/tsserver.js:2077:24)
    at deleteNodeInList (/snap/code/33/usr/share/code/resources/app/extensions/node_modules/typescript/lib/tsserver.js:124462:43)
    at Object.deleteDeclaration (/snap/code/33/usr/share/code/resources/app/extensions/node_modules/typescript/lib/tsserver.js:124381:29)
    at _loop_9 (/snap/code/33/usr/share/code/resources/app/extensions/node_modules/typescript/lib/tsserver.js:123906:47)
    at ChangeTracker.finishDeleteDeclarations (/snap/code/33/usr/share/code/resources/app/extensions/node_modules/typescript/lib/tsserver.js:123913:21)
    at ChangeTracker.getChanges (/snap/code/33/usr/share/code/resources/app/extensions/node_modules/typescript/lib/tsserver.js:123933:22)
    at Function.ChangeTracker.with (/snap/code/33/usr/share/code/resources/app/extensions/node_modules/typescript/lib/tsserver.js:123414:32)
    at Object.getCodeActions (/snap/code/33/usr/share/code/resources/app/extensions/node_modules/typescript/lib/tsserver.js:129210:69)
    at /snap/code/33/usr/share/code/resources/app/extensions/node_modules/typescript/lib/tsserver.js:124540:77
    at Object.flatMap (/snap/code/33/usr/share/code/resources/app/extensions/node_modules/typescript/lib/tsserver.js:465:25)
    at Object.getFixes (/snap/code/33/usr/share/code/resources/app/extensions/node_modules/typescript/lib/tsserver.js:124540:23)
    at /snap/code/33/usr/share/code/resources/app/extensions/node_modules/typescript/lib/tsserver.js:135666:35
    at Object.flatMap (/snap/code/33/usr/share/code/resources/app/extensions/node_modules/typescript/lib/tsserver.js:465:25)
    at Proxy.getCodeFixesAtPosition (/snap/code/33/usr/share/code/resources/app/extensions/node_modules/typescript/lib/tsserver.js:135664:23)
    at IOSession.Session.getCodeFixes (/snap/code/33/usr/share/code/resources/app/extensions/node_modules/typescript/lib/tsserver.js:145753:64)
    at Session.handlers.ts.createMapFromTemplate._a.<computed> (/snap/code/33/usr/share/code/resources/app/extensions/node_modules/typescript/lib/tsserver.js:144510:61)
    at /snap/code/33/usr/share/code/resources/app/extensions/node_modules/typescript/lib/tsserver.js:146003:88
    at IOSession.Session.executeWithRequestId (/snap/code/33/usr/share/code/resources/app/extensions/node_modules/typescript/lib/tsserver.js:145994:28)
    at IOSession.Session.executeCommand (/snap/code/33/usr/share/code/resources/app/extensions/node_modules/typescript/lib/tsserver.js:146003:33)
    at IOSession.Session.onMessage (/snap/code/33/usr/share/code/resources/app/extensions/node_modules/typescript/lib/tsserver.js:146027:35)
    at Interface.<anonymous> (/snap/code/33/usr/share/code/resources/app/extensions/node_modules/typescript/lib/tsserver.js:147342:27)
    at Interface.emit (events.js:203:13)
    at Interface._onLine (readline.js:316:10)
    at Interface._normalWrite (readline.js:461:12)
    at Socket.ondata (readline.js:172:10)
    at Socket.emit (events.js:203:13)
    at addChunk (_stream_readable.js:295:12)
    at readableAddChunk (_stream_readable.js:276:11)
    at Socket.Readable.push (_stream_readable.js:210:10)
    at Pipe.onStreamRead (internal/stream_base_commons.js:166:17): Error: <semantic> TypeScript Server Error (3.8.3)
Debug Failure.
Error: Debug Failure.
    at Object.assertDefined (/snap/code/33/usr/share/code/resources/app/extensions/node_modules/typescript/lib/tsserver.js:2077:24)
    at deleteNodeInList (/snap/code/33/usr/share/code/resources/app/extensions/node_modules/typescript/lib/tsserver.js:124462:43)
    at Object.deleteDeclaration (/snap/code/33/usr/share/code/resources/app/extensions/node_modules/typescript/lib/tsserver.js:124381:29)
    at _loop_9 (/snap/code/33/usr/share/code/resources/app/extensions/node_modules/typescript/lib/tsserver.js:123906:47)
    at ChangeTracker.finishDeleteDeclarations (/snap/code/33/usr/share/code/resources/app/extensions/node_modules/typescript/lib/tsserver.js:123913:21)
    at ChangeTracker.getChanges (/snap/code/33/usr/share/code/resources/app/extensions/node_modules/typescript/lib/tsserver.js:123933:22)
    at Function.ChangeTracker.with (/snap/code/33/usr/share/code/resources/app/extensions/node_modules/typescript/lib/tsserver.js:123414:32)
    at Object.getCodeActions (/snap/code/33/usr/share/code/resources/app/extensions/node_modules/typescript/lib/tsserver.js:129210:69)
    at /snap/code/33/usr/share/code/resources/app/extensions/node_modules/typescript/lib/tsserver.js:124540:77
    at Object.flatMap (/snap/code/33/usr/share/code/resources/app/extensions/node_modules/typescript/lib/tsserver.js:465:25)
    at Object.getFixes (/snap/code/33/usr/share/code/resources/app/extensions/node_modules/typescript/lib/tsserver.js:124540:23)
    at /snap/code/33/usr/share/code/resources/app/extensions/node_modules/typescript/lib/tsserver.js:135666:35
    at Object.flatMap (/snap/code/33/usr/share/code/resources/app/extensions/node_modules/typescript/lib/tsserver.js:465:25)
    at Proxy.getCodeFixesAtPosition (/snap/code/33/usr/share/code/resources/app/extensions/node_modules/typescript/lib/tsserver.js:135664:23)
    at IOSession.Session.getCodeFixes (/snap/code/33/usr/share/code/resources/app/extensions/node_modules/typescript/lib/tsserver.js:145753:64)
    at Session.handlers.ts.createMapFromTemplate._a.<computed> (/snap/code/33/usr/share/code/resources/app/extensions/node_modules/typescript/lib/tsserver.js:144510:61)
    at /snap/code/33/usr/share/code/resources/app/extensions/node_modules/typescript/lib/tsserver.js:146003:88
    at IOSession.Session.executeWithRequestId (/snap/code/33/usr/share/code/resources/app/extensions/node_modules/typescript/lib/tsserver.js:145994:28)
    at IOSession.Session.executeCommand (/snap/code/33/usr/share/code/resources/app/extensions/node_modules/typescript/lib/tsserver.js:146003:33)
    at IOSession.Session.onMessage (/snap/code/33/usr/share/code/resources/app/extensions/node_modules/typescript/lib/tsserver.js:146027:35)
    at Interface.<anonymous> (/snap/code/33/usr/share/code/resources/app/extensions/node_modules/typescript/lib/tsserver.js:147342:27)
    at Interface.emit (events.js:203:13)
    at Interface._onLine (readline.js:316:10)
    at Interface._normalWrite (readline.js:461:12)
    at Socket.ondata (readline.js:172:10)
    at Socket.emit (events.js:203:13)
    at addChunk (_stream_readable.js:295:12)
    at readableAddChunk (_stream_readable.js:276:11)
    at Socket.Readable.push (_stream_readable.js:210:10)
    at Pipe.onStreamRead (internal/stream_base_commons.js:166:17)
	at Function.create (/snap/code/33/usr/share/code/resources/app/extensions/typescript-language-features/dist/extension.js:1:52449)
	at e.dispatchResponse (/snap/code/33/usr/share/code/resources/app/extensions/typescript-language-features/dist/extension.js:1:222369)
	at e.dispatchMessage (/snap/code/33/usr/share/code/resources/app/extensions/typescript-language-features/dist/extension.js:1:221287)
	at /snap/code/33/usr/share/code/resources/app/extensions/typescript-language-features/dist/extension.js:1:220763
	at e.fire (/snap/code/33/usr/share/code/resources/app/out/vs/workbench/services/extensions/node/extensionHostProcess.js:46:67)
	at t.Reader.onLengthData (/snap/code/33/usr/share/code/resources/app/extensions/typescript-language-features/dist/extension.js:1:229425)
	at Socket.<anonymous> (/snap/code/33/usr/share/code/resources/app/extensions/typescript-language-features/dist/extension.js:1:229073)
	at Socket.emit (events.js:203:13)
	at addChunk (_stream_readable.js:295:12)
	at readableAddChunk (_stream_readable.js:276:11)
	at Socket.Readable.push (_stream_readable.js:210:10)
	at Pipe.onStreamRead (internal/stream_base_commons.js:166:17)
[2020-06-04 20:55:38.455] [renderer1] [error] <semantic> TypeScript Server Error (3.8.3)
Debug Failure.
Error: Debug Failure.
    at Object.assertDefined (/snap/code/33/usr/share/code/resources/app/extensions/node_modules/typescript/lib/tsserver.js:2077:24)
    at deleteNodeInList (/snap/code/33/usr/share/code/resources/app/extensions/node_modules/typescript/lib/tsserver.js:124462:43)
    at Object.deleteDeclaration (/snap/code/33/usr/share/code/resources/app/extensions/node_modules/typescript/lib/tsserver.js:124381:29)
    at _loop_9 (/snap/code/33/usr/share/code/resources/app/extensions/node_modules/typescript/lib/tsserver.js:123906:47)
    at ChangeTracker.finishDeleteDeclarations (/snap/code/33/usr/share/code/resources/app/extensions/node_modules/typescript/lib/tsserver.js:123913:21)
    at ChangeTracker.getChanges (/snap/code/33/usr/share/code/resources/app/extensions/node_modules/typescript/lib/tsserver.js:123933:22)
    at Function.ChangeTracker.with (/snap/code/33/usr/share/code/resources/app/extensions/node_modules/typescript/lib/tsserver.js:123414:32)
    at Object.getCodeActions (/snap/code/33/usr/share/code/resources/app/extensions/node_modules/typescript/lib/tsserver.js:129210:69)
    at /snap/code/33/usr/share/code/resources/app/extensions/node_modules/typescript/lib/tsserver.js:124540:77
    at Object.flatMap (/snap/code/33/usr/share/code/resources/app/extensions/node_modules/typescript/lib/tsserver.js:465:25)
    at Object.getFixes (/snap/code/33/usr/share/code/resources/app/extensions/node_modules/typescript/lib/tsserver.js:124540:23)
    at /snap/code/33/usr/share/code/resources/app/extensions/node_modules/typescript/lib/tsserver.js:135666:35
    at Object.flatMap (/snap/code/33/usr/share/code/resources/app/extensions/node_modules/typescript/lib/tsserver.js:465:25)
    at Proxy.getCodeFixesAtPosition (/snap/code/33/usr/share/code/resources/app/extensions/node_modules/typescript/lib/tsserver.js:135664:23)
    at IOSession.Session.getCodeFixes (/snap/code/33/usr/share/code/resources/app/extensions/node_modules/typescript/lib/tsserver.js:145753:64)
    at Session.handlers.ts.createMapFromTemplate._a.<computed> (/snap/code/33/usr/share/code/resources/app/extensions/node_modules/typescript/lib/tsserver.js:144510:61)
    at /snap/code/33/usr/share/code/resources/app/extensions/node_modules/typescript/lib/tsserver.js:146003:88
    at IOSession.Session.executeWithRequestId (/snap/code/33/usr/share/code/resources/app/extensions/node_modules/typescript/lib/tsserver.js:145994:28)
    at IOSession.Session.executeCommand (/snap/code/33/usr/share/code/resources/app/extensions/node_modules/typescript/lib/tsserver.js:146003:33)
    at IOSession.Session.onMessage (/snap/code/33/usr/share/code/resources/app/extensions/node_modules/typescript/lib/tsserver.js:146027:35)
    at Interface.<anonymous> (/snap/code/33/usr/share/code/resources/app/extensions/node_modules/typescript/lib/tsserver.js:147342:27)
    at Interface.emit (events.js:203:13)
    at Interface._onLine (readline.js:316:10)
    at Interface._normalWrite (readline.js:461:12)
    at Socket.ondata (readline.js:172:10)
    at Socket.emit (events.js:203:13)
    at addChunk (_stream_readable.js:295:12)
    at readableAddChunk (_stream_readable.js:276:11)
    at Socket.Readable.push (_stream_readable.js:210:10)
    at Pipe.onStreamRead (internal/stream_base_commons.js:166:17): Error: <semantic> TypeScript Server Error (3.8.3)
Debug Failure.
Error: Debug Failure.
    at Object.assertDefined (/snap/code/33/usr/share/code/resources/app/extensions/node_modules/typescript/lib/tsserver.js:2077:24)
    at deleteNodeInList (/snap/code/33/usr/share/code/resources/app/extensions/node_modules/typescript/lib/tsserver.js:124462:43)
    at Object.deleteDeclaration (/snap/code/33/usr/share/code/resources/app/extensions/node_modules/typescript/lib/tsserver.js:124381:29)
    at _loop_9 (/snap/code/33/usr/share/code/resources/app/extensions/node_modules/typescript/lib/tsserver.js:123906:47)
    at ChangeTracker.finishDeleteDeclarations (/snap/code/33/usr/share/code/resources/app/extensions/node_modules/typescript/lib/tsserver.js:123913:21)
    at ChangeTracker.getChanges (/snap/code/33/usr/share/code/resources/app/extensions/node_modules/typescript/lib/tsserver.js:123933:22)
    at Function.ChangeTracker.with (/snap/code/33/usr/share/code/resources/app/extensions/node_modules/typescript/lib/tsserver.js:123414:32)
    at Object.getCodeActions (/snap/code/33/usr/share/code/resources/app/extensions/node_modules/typescript/lib/tsserver.js:129210:69)
    at /snap/code/33/usr/share/code/resources/app/extensions/node_modules/typescript/lib/tsserver.js:124540:77
    at Object.flatMap (/snap/code/33/usr/share/code/resources/app/extensions/node_modules/typescript/lib/tsserver.js:465:25)
    at Object.getFixes (/snap/code/33/usr/share/code/resources/app/extensions/node_modules/typescript/lib/tsserver.js:124540:23)
    at /snap/code/33/usr/share/code/resources/app/extensions/node_modules/typescript/lib/tsserver.js:135666:35
    at Object.flatMap (/snap/code/33/usr/share/code/resources/app/extensions/node_modules/typescript/lib/tsserver.js:465:25)
    at Proxy.getCodeFixesAtPosition (/snap/code/33/usr/share/code/resources/app/extensions/node_modules/typescript/lib/tsserver.js:135664:23)
    at IOSession.Session.getCodeFixes (/snap/code/33/usr/share/code/resources/app/extensions/node_modules/typescript/lib/tsserver.js:145753:64)
    at Session.handlers.ts.createMapFromTemplate._a.<computed> (/snap/code/33/usr/share/code/resources/app/extensions/node_modules/typescript/lib/tsserver.js:144510:61)
    at /snap/code/33/usr/share/code/resources/app/extensions/node_modules/typescript/lib/tsserver.js:146003:88
    at IOSession.Session.executeWithRequestId (/snap/code/33/usr/share/code/resources/app/extensions/node_modules/typescript/lib/tsserver.js:145994:28)
    at IOSession.Session.executeCommand (/snap/code/33/usr/share/code/resources/app/extensions/node_modules/typescript/lib/tsserver.js:146003:33)
    at IOSession.Session.onMessage (/snap/code/33/usr/share/code/resources/app/extensions/node_modules/typescript/lib/tsserver.js:146027:35)
    at Interface.<anonymous> (/snap/code/33/usr/share/code/resources/app/extensions/node_modules/typescript/lib/tsserver.js:147342:27)
    at Interface.emit (events.js:203:13)
    at Interface._onLine (readline.js:316:10)
    at Interface._normalWrite (readline.js:461:12)
    at Socket.ondata (readline.js:172:10)
    at Socket.emit (events.js:203:13)
    at addChunk (_stream_readable.js:295:12)
    at readableAddChunk (_stream_readable.js:276:11)
    at Socket.Readable.push (_stream_readable.js:210:10)
    at Pipe.onStreamRead (internal/stream_base_commons.js:166:17)
	at Function.create (/snap/code/33/usr/share/code/resources/app/extensions/typescript-language-features/dist/extension.js:1:52449)
	at e.dispatchResponse (/snap/code/33/usr/share/code/resources/app/extensions/typescript-language-features/dist/extension.js:1:222369)
	at e.dispatchMessage (/snap/code/33/usr/share/code/resources/app/extensions/typescript-language-features/dist/extension.js:1:221287)
	at /snap/code/33/usr/share/code/resources/app/extensions/typescript-language-features/dist/extension.js:1:220763
	at e.fire (/snap/code/33/usr/share/code/resources/app/out/vs/workbench/services/extensions/node/extensionHostProcess.js:46:67)
	at t.Reader.onLengthData (/snap/code/33/usr/share/code/resources/app/extensions/typescript-language-features/dist/extension.js:1:229425)
	at Socket.<anonymous> (/snap/code/33/usr/share/code/resources/app/extensions/typescript-language-features/dist/extension.js:1:229073)
	at Socket.emit (events.js:203:13)
	at addChunk (_stream_readable.js:295:12)
	at readableAddChunk (_stream_readable.js:276:11)
	at Socket.Readable.push (_stream_readable.js:210:10)
	at Pipe.onStreamRead (internal/stream_base_commons.js:166:17)
[2020-06-04 21:12:38.615] [renderer1] [error] <semantic> TypeScript Server Error (3.8.3)
Debug Failure.
Error: Debug Failure.
    at Object.assertDefined (/snap/code/33/usr/share/code/resources/app/extensions/node_modules/typescript/lib/tsserver.js:2077:24)
    at deleteNodeInList (/snap/code/33/usr/share/code/resources/app/extensions/node_modules/typescript/lib/tsserver.js:124462:43)
    at Object.deleteDeclaration (/snap/code/33/usr/share/code/resources/app/extensions/node_modules/typescript/lib/tsserver.js:124381:29)
    at _loop_9 (/snap/code/33/usr/share/code/resources/app/extensions/node_modules/typescript/lib/tsserver.js:123906:47)
    at ChangeTracker.finishDeleteDeclarations (/snap/code/33/usr/share/code/resources/app/extensions/node_modules/typescript/lib/tsserver.js:123913:21)
    at ChangeTracker.getChanges (/snap/code/33/usr/share/code/resources/app/extensions/node_modules/typescript/lib/tsserver.js:123933:22)
    at Function.ChangeTracker.with (/snap/code/33/usr/share/code/resources/app/extensions/node_modules/typescript/lib/tsserver.js:123414:32)
    at Object.getCodeActions (/snap/code/33/usr/share/code/resources/app/extensions/node_modules/typescript/lib/tsserver.js:129210:69)
    at /snap/code/33/usr/share/code/resources/app/extensions/node_modules/typescript/lib/tsserver.js:124540:77
    at Object.flatMap (/snap/code/33/usr/share/code/resources/app/extensions/node_modules/typescript/lib/tsserver.js:465:25)
    at Object.getFixes (/snap/code/33/usr/share/code/resources/app/extensions/node_modules/typescript/lib/tsserver.js:124540:23)
    at /snap/code/33/usr/share/code/resources/app/extensions/node_modules/typescript/lib/tsserver.js:135666:35
    at Object.flatMap (/snap/code/33/usr/share/code/resources/app/extensions/node_modules/typescript/lib/tsserver.js:465:25)
    at Proxy.getCodeFixesAtPosition (/snap/code/33/usr/share/code/resources/app/extensions/node_modules/typescript/lib/tsserver.js:135664:23)
    at IOSession.Session.getCodeFixes (/snap/code/33/usr/share/code/resources/app/extensions/node_modules/typescript/lib/tsserver.js:145753:64)
    at Session.handlers.ts.createMapFromTemplate._a.<computed> (/snap/code/33/usr/share/code/resources/app/extensions/node_modules/typescript/lib/tsserver.js:144510:61)
    at /snap/code/33/usr/share/code/resources/app/extensions/node_modules/typescript/lib/tsserver.js:146003:88
    at IOSession.Session.executeWithRequestId (/snap/code/33/usr/share/code/resources/app/extensions/node_modules/typescript/lib/tsserver.js:145994:28)
    at IOSession.Session.executeCommand (/snap/code/33/usr/share/code/resources/app/extensions/node_modules/typescript/lib/tsserver.js:146003:33)
    at IOSession.Session.onMessage (/snap/code/33/usr/share/code/resources/app/extensions/node_modules/typescript/lib/tsserver.js:146027:35)
    at Interface.<anonymous> (/snap/code/33/usr/share/code/resources/app/extensions/node_modules/typescript/lib/tsserver.js:147342:27)
    at Interface.emit (events.js:203:13)
    at Interface._onLine (readline.js:316:10)
    at Interface._normalWrite (readline.js:461:12)
    at Socket.ondata (readline.js:172:10)
    at Socket.emit (events.js:203:13)
    at addChunk (_stream_readable.js:295:12)
    at readableAddChunk (_stream_readable.js:276:11)
    at Socket.Readable.push (_stream_readable.js:210:10)
    at Pipe.onStreamRead (internal/stream_base_commons.js:166:17): Error: <semantic> TypeScript Server Error (3.8.3)
Debug Failure.
Error: Debug Failure.
    at Object.assertDefined (/snap/code/33/usr/share/code/resources/app/extensions/node_modules/typescript/lib/tsserver.js:2077:24)
    at deleteNodeInList (/snap/code/33/usr/share/code/resources/app/extensions/node_modules/typescript/lib/tsserver.js:124462:43)
    at Object.deleteDeclaration (/snap/code/33/usr/share/code/resources/app/extensions/node_modules/typescript/lib/tsserver.js:124381:29)
    at _loop_9 (/snap/code/33/usr/share/code/resources/app/extensions/node_modules/typescript/lib/tsserver.js:123906:47)
    at ChangeTracker.finishDeleteDeclarations (/snap/code/33/usr/share/code/resources/app/extensions/node_modules/typescript/lib/tsserver.js:123913:21)
    at ChangeTracker.getChanges (/snap/code/33/usr/share/code/resources/app/extensions/node_modules/typescript/lib/tsserver.js:123933:22)
    at Function.ChangeTracker.with (/snap/code/33/usr/share/code/resources/app/extensions/node_modules/typescript/lib/tsserver.js:123414:32)
    at Object.getCodeActions (/snap/code/33/usr/share/code/resources/app/extensions/node_modules/typescript/lib/tsserver.js:129210:69)
    at /snap/code/33/usr/share/code/resources/app/extensions/node_modules/typescript/lib/tsserver.js:124540:77
    at Object.flatMap (/snap/code/33/usr/share/code/resources/app/extensions/node_modules/typescript/lib/tsserver.js:465:25)
    at Object.getFixes (/snap/code/33/usr/share/code/resources/app/extensions/node_modules/typescript/lib/tsserver.js:124540:23)
    at /snap/code/33/usr/share/code/resources/app/extensions/node_modules/typescript/lib/tsserver.js:135666:35
    at Object.flatMap (/snap/code/33/usr/share/code/resources/app/extensions/node_modules/typescript/lib/tsserver.js:465:25)
    at Proxy.getCodeFixesAtPosition (/snap/code/33/usr/share/code/resources/app/extensions/node_modules/typescript/lib/tsserver.js:135664:23)
    at IOSession.Session.getCodeFixes (/snap/code/33/usr/share/code/resources/app/extensions/node_modules/typescript/lib/tsserver.js:145753:64)
    at Session.handlers.ts.createMapFromTemplate._a.<computed> (/snap/code/33/usr/share/code/resources/app/extensions/node_modules/typescript/lib/tsserver.js:144510:61)
    at /snap/code/33/usr/share/code/resources/app/extensions/node_modules/typescript/lib/tsserver.js:146003:88
    at IOSession.Session.executeWithRequestId (/snap/code/33/usr/share/code/resources/app/extensions/node_modules/typescript/lib/tsserver.js:145994:28)
    at IOSession.Session.executeCommand (/snap/code/33/usr/share/code/resources/app/extensions/node_modules/typescript/lib/tsserver.js:146003:33)
    at IOSession.Session.onMessage (/snap/code/33/usr/share/code/resources/app/extensions/node_modules/typescript/lib/tsserver.js:146027:35)
    at Interface.<anonymous> (/snap/code/33/usr/share/code/resources/app/extensions/node_modules/typescript/lib/tsserver.js:147342:27)
    at Interface.emit (events.js:203:13)
    at Interface._onLine (readline.js:316:10)
    at Interface._normalWrite (readline.js:461:12)
    at Socket.ondata (readline.js:172:10)
    at Socket.emit (events.js:203:13)
    at addChunk (_stream_readable.js:295:12)
    at readableAddChunk (_stream_readable.js:276:11)
    at Socket.Readable.push (_stream_readable.js:210:10)
    at Pipe.onStreamRead (internal/stream_base_commons.js:166:17)
	at Function.create (/snap/code/33/usr/share/code/resources/app/extensions/typescript-language-features/dist/extension.js:1:52449)
	at e.dispatchResponse (/snap/code/33/usr/share/code/resources/app/extensions/typescript-language-features/dist/extension.js:1:222369)
	at e.dispatchMessage (/snap/code/33/usr/share/code/resources/app/extensions/typescript-language-features/dist/extension.js:1:221287)
	at /snap/code/33/usr/share/code/resources/app/extensions/typescript-language-features/dist/extension.js:1:220763
	at e.fire (/snap/code/33/usr/share/code/resources/app/out/vs/workbench/services/extensions/node/extensionHostProcess.js:46:67)
	at t.Reader.onLengthData (/snap/code/33/usr/share/code/resources/app/extensions/typescript-language-features/dist/extension.js:1:229425)
	at Socket.<anonymous> (/snap/code/33/usr/share/code/resources/app/extensions/typescript-language-features/dist/extension.js:1:229073)
	at Socket.emit (events.js:203:13)
	at addChunk (_stream_readable.js:295:12)
	at readableAddChunk (_stream_readable.js:276:11)
	at Socket.Readable.push (_stream_readable.js:210:10)
	at Pipe.onStreamRead (internal/stream_base_commons.js:166:17)
