[Info  - 11:17:28 PM] Linter is running.
[Warn  - 11:17:30 PM] 
Failed to load the TSLint library for the document /home/ansi/DADN/client/src/views/DeviceEvent.js

To use TSLint in this workspace please install tslint using 'npm install tslint' or globally using 'npm install -g tslint'.
TSLint has a peer dependency on `typescript`, make sure that `typescript` is installed as well.
You need to reopen the workspace after installing tslint.
[Warn  - 11:17:37 PM] 
Failed to load the TSLint library for the document /home/ansi/DADN/backend/routes/event.js

To use TSLint in this workspace please install tslint using 'npm install tslint' or globally using 'npm install -g tslint'.
TSLint has a peer dependency on `typescript`, make sure that `typescript` is installed as well.
You need to reopen the workspace after installing tslint.
[Warn  - 11:17:40 PM] 
Failed to load the TSLint library for the document /home/ansi/DADN/backend/routes/event.js

To use TSLint in this workspace please install tslint using 'npm install tslint' or globally using 'npm install -g tslint'.
TSLint has a peer dependency on `typescript`, make sure that `typescript` is installed as well.
You need to reopen the workspace after installing tslint.
[Warn  - 11:17:54 PM] 
Failed to load the TSLint library for the document /home/ansi/DADN/backend/models/eventModel.js

To use TSLint in this workspace please install tslint using 'npm install tslint' or globally using 'npm install -g tslint'.
TSLint has a peer dependency on `typescript`, make sure that `typescript` is installed as well.
You need to reopen the workspace after installing tslint.
[Warn  - 11:17:59 PM] 
Failed to load the TSLint library for the document /home/ansi/DADN/client/src/views/DeviceEvent.js

To use TSLint in this workspace please install tslint using 'npm install tslint' or globally using 'npm install -g tslint'.
TSLint has a peer dependency on `typescript`, make sure that `typescript` is installed as well.
You need to reopen the workspace after installing tslint.
[Warn  - 11:18:06 PM] 
Failed to load the TSLint library for the document /home/ansi/DADN/backend/models/moistures.js

To use TSLint in this workspace please install tslint using 'npm install tslint' or globally using 'npm install -g tslint'.
TSLint has a peer dependency on `typescript`, make sure that `typescript` is installed as well.
You need to reopen the workspace after installing tslint.
[Warn  - 11:18:07 PM] 
Failed to load the TSLint library for the document /home/ansi/DADN/backend/models/eventModel.js

To use TSLint in this workspace please install tslint using 'npm install tslint' or globally using 'npm install -g tslint'.
TSLint has a peer dependency on `typescript`, make sure that `typescript` is installed as well.
You need to reopen the workspace after installing tslint.
[Warn  - 11:20:37 PM] 
Failed to load the TSLint library for the document /home/ansi/DADN/client/src/views/DeviceEvent.js

To use TSLint in this workspace please install tslint using 'npm install tslint' or globally using 'npm install -g tslint'.
TSLint has a peer dependency on `typescript`, make sure that `typescript` is installed as well.
You need to reopen the workspace after installing tslint.
[Warn  - 11:20:38 PM] 
Failed to load the TSLint library for the document /home/ansi/DADN/client/src/views/DeviceEvent.js

To use TSLint in this workspace please install tslint using 'npm install tslint' or globally using 'npm install -g tslint'.
TSLint has a peer dependency on `typescript`, make sure that `typescript` is installed as well.
You need to reopen the workspace after installing tslint.
[Warn  - 11:20:39 PM] 
Failed to load the TSLint library for the document /home/ansi/DADN/client/src/views/DeviceEvent.js

To use TSLint in this workspace please install tslint using 'npm install tslint' or globally using 'npm install -g tslint'.
TSLint has a peer dependency on `typescript`, make sure that `typescript` is installed as well.
You need to reopen the workspace after installing tslint.
[Warn  - 11:20:40 PM] 
Failed to load the TSLint library for the document /home/ansi/DADN/client/src/views/DeviceEvent.js

To use TSLint in this workspace please install tslint using 'npm install tslint' or globally using 'npm install -g tslint'.
TSLint has a peer dependency on `typescript`, make sure that `typescript` is installed as well.
You need to reopen the workspace after installing tslint.
[Warn  - 11:22:28 PM] 
Failed to load the TSLint library for the document /home/ansi/DADN/client/src/views/DeviceEvent.js

To use TSLint in this workspace please install tslint using 'npm install tslint' or globally using 'npm install -g tslint'.
TSLint has a peer dependency on `typescript`, make sure that `typescript` is installed as well.
You need to reopen the workspace after installing tslint.
[Warn  - 11:22:28 PM] 
Failed to load the TSLint library for the document /home/ansi/DADN/client/src/views/DeviceEvent.js

To use TSLint in this workspace please install tslint using 'npm install tslint' or globally using 'npm install -g tslint'.
TSLint has a peer dependency on `typescript`, make sure that `typescript` is installed as well.
You need to reopen the workspace after installing tslint.
[Warn  - 11:22:28 PM] 
Failed to load the TSLint library for the document /home/ansi/DADN/client/src/views/DeviceEvent.js

To use TSLint in this workspace please install tslint using 'npm install tslint' or globally using 'npm install -g tslint'.
TSLint has a peer dependency on `typescript`, make sure that `typescript` is installed as well.
You need to reopen the workspace after installing tslint.
[Warn  - 11:22:29 PM] 
Failed to load the TSLint library for the document /home/ansi/DADN/client/src/views/DeviceEvent.js

To use TSLint in this workspace please install tslint using 'npm install tslint' or globally using 'npm install -g tslint'.
TSLint has a peer dependency on `typescript`, make sure that `typescript` is installed as well.
You need to reopen the workspace after installing tslint.
[Warn  - 11:22:29 PM] 
Failed to load the TSLint library for the document /home/ansi/DADN/client/src/views/DeviceEvent.js

To use TSLint in this workspace please install tslint using 'npm install tslint' or globally using 'npm install -g tslint'.
TSLint has a peer dependency on `typescript`, make sure that `typescript` is installed as well.
You need to reopen the workspace after installing tslint.
[Warn  - 11:22:30 PM] 
Failed to load the TSLint library for the document /home/ansi/DADN/client/src/views/DeviceEvent.js

To use TSLint in this workspace please install tslint using 'npm install tslint' or globally using 'npm install -g tslint'.
TSLint has a peer dependency on `typescript`, make sure that `typescript` is installed as well.
You need to reopen the workspace after installing tslint.
[Warn  - 11:22:30 PM] 
Failed to load the TSLint library for the document /home/ansi/DADN/client/src/views/DeviceEvent.js

To use TSLint in this workspace please install tslint using 'npm install tslint' or globally using 'npm install -g tslint'.
TSLint has a peer dependency on `typescript`, make sure that `typescript` is installed as well.
You need to reopen the workspace after installing tslint.
[Warn  - 11:22:31 PM] 
Failed to load the TSLint library for the document /home/ansi/DADN/client/src/views/DeviceEvent.js

To use TSLint in this workspace please install tslint using 'npm install tslint' or globally using 'npm install -g tslint'.
TSLint has a peer dependency on `typescript`, make sure that `typescript` is installed as well.
You need to reopen the workspace after installing tslint.
[Warn  - 11:22:45 PM] 
Failed to load the TSLint library for the document /home/ansi/DADN/client/src/views/DeviceEvent.js

To use TSLint in this workspace please install tslint using 'npm install tslint' or globally using 'npm install -g tslint'.
TSLint has a peer dependency on `typescript`, make sure that `typescript` is installed as well.
You need to reopen the workspace after installing tslint.
[Warn  - 11:22:47 PM] 
Failed to load the TSLint library for the document /home/ansi/DADN/client/src/views/DeviceEvent.js

To use TSLint in this workspace please install tslint using 'npm install tslint' or globally using 'npm install -g tslint'.
TSLint has a peer dependency on `typescript`, make sure that `typescript` is installed as well.
You need to reopen the workspace after installing tslint.
[Warn  - 11:22:47 PM] 
Failed to load the TSLint library for the document /home/ansi/DADN/client/src/views/DeviceEvent.js

To use TSLint in this workspace please install tslint using 'npm install tslint' or globally using 'npm install -g tslint'.
TSLint has a peer dependency on `typescript`, make sure that `typescript` is installed as well.
You need to reopen the workspace after installing tslint.
[Warn  - 11:22:48 PM] 
Failed to load the TSLint library for the document /home/ansi/DADN/client/src/views/DeviceEvent.js

To use TSLint in this workspace please install tslint using 'npm install tslint' or globally using 'npm install -g tslint'.
TSLint has a peer dependency on `typescript`, make sure that `typescript` is installed as well.
You need to reopen the workspace after installing tslint.
[Warn  - 11:22:49 PM] 
Failed to load the TSLint library for the document /home/ansi/DADN/client/src/views/DeviceEvent.js

To use TSLint in this workspace please install tslint using 'npm install tslint' or globally using 'npm install -g tslint'.
TSLint has a peer dependency on `typescript`, make sure that `typescript` is installed as well.
You need to reopen the workspace after installing tslint.
[Warn  - 11:22:50 PM] 
Failed to load the TSLint library for the document /home/ansi/DADN/client/src/views/DeviceEvent.js

To use TSLint in this workspace please install tslint using 'npm install tslint' or globally using 'npm install -g tslint'.
TSLint has a peer dependency on `typescript`, make sure that `typescript` is installed as well.
You need to reopen the workspace after installing tslint.
[Warn  - 11:22:52 PM] 
Failed to load the TSLint library for the document /home/ansi/DADN/client/src/views/DeviceEvent.js

To use TSLint in this workspace please install tslint using 'npm install tslint' or globally using 'npm install -g tslint'.
TSLint has a peer dependency on `typescript`, make sure that `typescript` is installed as well.
You need to reopen the workspace after installing tslint.
[Warn  - 11:22:53 PM] 
Failed to load the TSLint library for the document /home/ansi/DADN/client/src/views/DeviceEvent.js

To use TSLint in this workspace please install tslint using 'npm install tslint' or globally using 'npm install -g tslint'.
TSLint has a peer dependency on `typescript`, make sure that `typescript` is installed as well.
You need to reopen the workspace after installing tslint.
[Warn  - 11:22:53 PM] 
Failed to load the TSLint library for the document /home/ansi/DADN/client/src/views/DeviceEvent.js

To use TSLint in this workspace please install tslint using 'npm install tslint' or globally using 'npm install -g tslint'.
TSLint has a peer dependency on `typescript`, make sure that `typescript` is installed as well.
You need to reopen the workspace after installing tslint.
[Warn  - 11:22:54 PM] 
Failed to load the TSLint library for the document /home/ansi/DADN/client/src/views/DeviceEvent.js

To use TSLint in this workspace please install tslint using 'npm install tslint' or globally using 'npm install -g tslint'.
TSLint has a peer dependency on `typescript`, make sure that `typescript` is installed as well.
You need to reopen the workspace after installing tslint.
[Warn  - 11:22:55 PM] 
Failed to load the TSLint library for the document /home/ansi/DADN/client/src/views/DeviceEvent.js

To use TSLint in this workspace please install tslint using 'npm install tslint' or globally using 'npm install -g tslint'.
TSLint has a peer dependency on `typescript`, make sure that `typescript` is installed as well.
You need to reopen the workspace after installing tslint.
[Warn  - 11:22:55 PM] 
Failed to load the TSLint library for the document /home/ansi/DADN/client/src/views/DeviceEvent.js

To use TSLint in this workspace please install tslint using 'npm install tslint' or globally using 'npm install -g tslint'.
TSLint has a peer dependency on `typescript`, make sure that `typescript` is installed as well.
You need to reopen the workspace after installing tslint.
[Warn  - 11:22:57 PM] 
Failed to load the TSLint library for the document /home/ansi/DADN/client/src/views/DeviceEvent.js

To use TSLint in this workspace please install tslint using 'npm install tslint' or globally using 'npm install -g tslint'.
TSLint has a peer dependency on `typescript`, make sure that `typescript` is installed as well.
You need to reopen the workspace after installing tslint.
[Warn  - 11:22:57 PM] 
Failed to load the TSLint library for the document /home/ansi/DADN/client/src/views/DeviceEvent.js

To use TSLint in this workspace please install tslint using 'npm install tslint' or globally using 'npm install -g tslint'.
TSLint has a peer dependency on `typescript`, make sure that `typescript` is installed as well.
You need to reopen the workspace after installing tslint.
[Warn  - 11:22:59 PM] 
Failed to load the TSLint library for the document /home/ansi/DADN/client/src/views/DeviceEvent.js

To use TSLint in this workspace please install tslint using 'npm install tslint' or globally using 'npm install -g tslint'.
TSLint has a peer dependency on `typescript`, make sure that `typescript` is installed as well.
You need to reopen the workspace after installing tslint.
[Warn  - 11:22:59 PM] 
Failed to load the TSLint library for the document /home/ansi/DADN/client/src/views/DeviceEvent.js

To use TSLint in this workspace please install tslint using 'npm install tslint' or globally using 'npm install -g tslint'.
TSLint has a peer dependency on `typescript`, make sure that `typescript` is installed as well.
You need to reopen the workspace after installing tslint.
[Warn  - 11:23:00 PM] 
Failed to load the TSLint library for the document /home/ansi/DADN/client/src/views/DeviceEvent.js

To use TSLint in this workspace please install tslint using 'npm install tslint' or globally using 'npm install -g tslint'.
TSLint has a peer dependency on `typescript`, make sure that `typescript` is installed as well.
You need to reopen the workspace after installing tslint.
[Warn  - 11:23:00 PM] 
Failed to load the TSLint library for the document /home/ansi/DADN/client/src/views/DeviceEvent.js

To use TSLint in this workspace please install tslint using 'npm install tslint' or globally using 'npm install -g tslint'.
TSLint has a peer dependency on `typescript`, make sure that `typescript` is installed as well.
You need to reopen the workspace after installing tslint.
[Warn  - 11:23:01 PM] 
Failed to load the TSLint library for the document /home/ansi/DADN/client/src/views/DeviceEvent.js

To use TSLint in this workspace please install tslint using 'npm install tslint' or globally using 'npm install -g tslint'.
TSLint has a peer dependency on `typescript`, make sure that `typescript` is installed as well.
You need to reopen the workspace after installing tslint.
[Warn  - 11:23:01 PM] 
Failed to load the TSLint library for the document /home/ansi/DADN/client/src/views/DeviceEvent.js

To use TSLint in this workspace please install tslint using 'npm install tslint' or globally using 'npm install -g tslint'.
TSLint has a peer dependency on `typescript`, make sure that `typescript` is installed as well.
You need to reopen the workspace after installing tslint.
[Warn  - 11:23:02 PM] 
Failed to load the TSLint library for the document /home/ansi/DADN/client/src/views/DeviceEvent.js

To use TSLint in this workspace please install tslint using 'npm install tslint' or globally using 'npm install -g tslint'.
TSLint has a peer dependency on `typescript`, make sure that `typescript` is installed as well.
You need to reopen the workspace after installing tslint.
[Warn  - 11:23:04 PM] 
Failed to load the TSLint library for the document /home/ansi/DADN/client/src/views/DeviceEvent.js

To use TSLint in this workspace please install tslint using 'npm install tslint' or globally using 'npm install -g tslint'.
TSLint has a peer dependency on `typescript`, make sure that `typescript` is installed as well.
You need to reopen the workspace after installing tslint.
[Warn  - 11:23:05 PM] 
Failed to load the TSLint library for the document /home/ansi/DADN/client/src/views/DeviceEvent.js

To use TSLint in this workspace please install tslint using 'npm install tslint' or globally using 'npm install -g tslint'.
TSLint has a peer dependency on `typescript`, make sure that `typescript` is installed as well.
You need to reopen the workspace after installing tslint.
[Warn  - 11:23:05 PM] 
Failed to load the TSLint library for the document /home/ansi/DADN/client/src/views/DeviceEvent.js

To use TSLint in this workspace please install tslint using 'npm install tslint' or globally using 'npm install -g tslint'.
TSLint has a peer dependency on `typescript`, make sure that `typescript` is installed as well.
You need to reopen the workspace after installing tslint.
[Warn  - 11:23:07 PM] 
Failed to load the TSLint library for the document /home/ansi/DADN/client/src/views/DeviceEvent.js

To use TSLint in this workspace please install tslint using 'npm install tslint' or globally using 'npm install -g tslint'.
TSLint has a peer dependency on `typescript`, make sure that `typescript` is installed as well.
You need to reopen the workspace after installing tslint.
[Warn  - 11:23:09 PM] 
Failed to load the TSLint library for the document /home/ansi/DADN/client/src/views/DeviceEvent.js

To use TSLint in this workspace please install tslint using 'npm install tslint' or globally using 'npm install -g tslint'.
TSLint has a peer dependency on `typescript`, make sure that `typescript` is installed as well.
You need to reopen the workspace after installing tslint.
[Warn  - 11:23:09 PM] 
Failed to load the TSLint library for the document /home/ansi/DADN/client/src/views/DeviceEvent.js

To use TSLint in this workspace please install tslint using 'npm install tslint' or globally using 'npm install -g tslint'.
TSLint has a peer dependency on `typescript`, make sure that `typescript` is installed as well.
You need to reopen the workspace after installing tslint.
[Warn  - 11:23:10 PM] 
Failed to load the TSLint library for the document /home/ansi/DADN/client/src/views/DeviceEvent.js

To use TSLint in this workspace please install tslint using 'npm install tslint' or globally using 'npm install -g tslint'.
TSLint has a peer dependency on `typescript`, make sure that `typescript` is installed as well.
You need to reopen the workspace after installing tslint.
[Warn  - 11:23:11 PM] 
Failed to load the TSLint library for the document /home/ansi/DADN/client/src/views/DeviceEvent.js

To use TSLint in this workspace please install tslint using 'npm install tslint' or globally using 'npm install -g tslint'.
TSLint has a peer dependency on `typescript`, make sure that `typescript` is installed as well.
You need to reopen the workspace after installing tslint.
[Warn  - 11:23:11 PM] 
Failed to load the TSLint library for the document /home/ansi/DADN/client/src/views/DeviceEvent.js

To use TSLint in this workspace please install tslint using 'npm install tslint' or globally using 'npm install -g tslint'.
TSLint has a peer dependency on `typescript`, make sure that `typescript` is installed as well.
You need to reopen the workspace after installing tslint.
[Warn  - 11:23:12 PM] 
Failed to load the TSLint library for the document /home/ansi/DADN/client/src/views/DeviceEvent.js

To use TSLint in this workspace please install tslint using 'npm install tslint' or globally using 'npm install -g tslint'.
TSLint has a peer dependency on `typescript`, make sure that `typescript` is installed as well.
You need to reopen the workspace after installing tslint.
[Warn  - 11:23:13 PM] 
Failed to load the TSLint library for the document /home/ansi/DADN/client/src/views/DeviceEvent.js

To use TSLint in this workspace please install tslint using 'npm install tslint' or globally using 'npm install -g tslint'.
TSLint has a peer dependency on `typescript`, make sure that `typescript` is installed as well.
You need to reopen the workspace after installing tslint.
[Warn  - 11:23:14 PM] 
Failed to load the TSLint library for the document /home/ansi/DADN/client/src/views/DeviceEvent.js

To use TSLint in this workspace please install tslint using 'npm install tslint' or globally using 'npm install -g tslint'.
TSLint has a peer dependency on `typescript`, make sure that `typescript` is installed as well.
You need to reopen the workspace after installing tslint.
[Warn  - 11:23:15 PM] 
Failed to load the TSLint library for the document /home/ansi/DADN/client/src/views/DeviceEvent.js

To use TSLint in this workspace please install tslint using 'npm install tslint' or globally using 'npm install -g tslint'.
TSLint has a peer dependency on `typescript`, make sure that `typescript` is installed as well.
You need to reopen the workspace after installing tslint.
[Warn  - 11:23:16 PM] 
Failed to load the TSLint library for the document /home/ansi/DADN/client/src/views/DeviceEvent.js

To use TSLint in this workspace please install tslint using 'npm install tslint' or globally using 'npm install -g tslint'.
TSLint has a peer dependency on `typescript`, make sure that `typescript` is installed as well.
You need to reopen the workspace after installing tslint.
[Warn  - 11:23:17 PM] 
Failed to load the TSLint library for the document /home/ansi/DADN/client/src/views/DeviceEvent.js

To use TSLint in this workspace please install tslint using 'npm install tslint' or globally using 'npm install -g tslint'.
TSLint has a peer dependency on `typescript`, make sure that `typescript` is installed as well.
You need to reopen the workspace after installing tslint.
[Warn  - 11:23:17 PM] 
Failed to load the TSLint library for the document /home/ansi/DADN/client/src/views/DeviceEvent.js

To use TSLint in this workspace please install tslint using 'npm install tslint' or globally using 'npm install -g tslint'.
TSLint has a peer dependency on `typescript`, make sure that `typescript` is installed as well.
You need to reopen the workspace after installing tslint.
[Warn  - 11:23:24 PM] 
Failed to load the TSLint library for the document /home/ansi/DADN/client/src/views/DeviceEvent.js

To use TSLint in this workspace please install tslint using 'npm install tslint' or globally using 'npm install -g tslint'.
TSLint has a peer dependency on `typescript`, make sure that `typescript` is installed as well.
You need to reopen the workspace after installing tslint.
[Warn  - 11:23:25 PM] 
Failed to load the TSLint library for the document /home/ansi/DADN/client/src/views/DeviceEvent.js

To use TSLint in this workspace please install tslint using 'npm install tslint' or globally using 'npm install -g tslint'.
TSLint has a peer dependency on `typescript`, make sure that `typescript` is installed as well.
You need to reopen the workspace after installing tslint.
[Warn  - 11:23:28 PM] 
Failed to load the TSLint library for the document /home/ansi/DADN/client/src/views/DeviceEvent.js

To use TSLint in this workspace please install tslint using 'npm install tslint' or globally using 'npm install -g tslint'.
TSLint has a peer dependency on `typescript`, make sure that `typescript` is installed as well.
You need to reopen the workspace after installing tslint.
[Warn  - 11:23:33 PM] 
Failed to load the TSLint library for the document /home/ansi/DADN/client/src/views/DeviceEvent.js

To use TSLint in this workspace please install tslint using 'npm install tslint' or globally using 'npm install -g tslint'.
TSLint has a peer dependency on `typescript`, make sure that `typescript` is installed as well.
You need to reopen the workspace after installing tslint.
[Warn  - 11:23:33 PM] 
Failed to load the TSLint library for the document /home/ansi/DADN/client/src/views/DeviceEvent.js

To use TSLint in this workspace please install tslint using 'npm install tslint' or globally using 'npm install -g tslint'.
TSLint has a peer dependency on `typescript`, make sure that `typescript` is installed as well.
You need to reopen the workspace after installing tslint.
[Warn  - 11:23:35 PM] 
Failed to load the TSLint library for the document /home/ansi/DADN/client/src/views/DeviceEvent.js

To use TSLint in this workspace please install tslint using 'npm install tslint' or globally using 'npm install -g tslint'.
TSLint has a peer dependency on `typescript`, make sure that `typescript` is installed as well.
You need to reopen the workspace after installing tslint.
[Warn  - 11:23:36 PM] 
Failed to load the TSLint library for the document /home/ansi/DADN/client/src/views/DeviceEvent.js

To use TSLint in this workspace please install tslint using 'npm install tslint' or globally using 'npm install -g tslint'.
TSLint has a peer dependency on `typescript`, make sure that `typescript` is installed as well.
You need to reopen the workspace after installing tslint.
[Warn  - 11:23:45 PM] 
Failed to load the TSLint library for the document /home/ansi/DADN/client/src/views/DeviceEvent.js

To use TSLint in this workspace please install tslint using 'npm install tslint' or globally using 'npm install -g tslint'.
TSLint has a peer dependency on `typescript`, make sure that `typescript` is installed as well.
You need to reopen the workspace after installing tslint.
[Warn  - 11:23:46 PM] 
Failed to load the TSLint library for the document /home/ansi/DADN/client/src/views/DeviceEvent.js

To use TSLint in this workspace please install tslint using 'npm install tslint' or globally using 'npm install -g tslint'.
TSLint has a peer dependency on `typescript`, make sure that `typescript` is installed as well.
You need to reopen the workspace after installing tslint.
