Initializing document watcher...
DADN/IOTapp/client/src/App.js: {}
DADN/IOTapp/client/src/routes/routes.js: {}
DADN/IOTapp/client/src/routes/routes.js: {}
DADN/IOTapp/client/src/index.js: {}
DADN/IOTapp/client/src/App.js: {}
DADN/IOTapp/client/src/index.js: {}
DADN/IOTapp/backend/app.js: {}
DADN/IOTapp/client/package.json: {}
DADN/IOTapp/client/.gitignore: {}
DADN/IOTapp/client/src/App.js: {}
DADN/IOTapp/client/src/index.js: {}
DADN/IOTapp/client/src/index.js: {}
DADN/IOTapp/client/src/App.js: {}
DADN/IOTapp/client/src/routes/routes.js: {}
DADN/IOTapp/client/src/routes/routes.js: {}
DADN/dbConnect.js: {}
DADN/IOTapp/client/src/components/Dashboard.js: {}
DADN/IOTapp/client/src/components/Dashboard.js: {}
DADN/dbConnect.js: {}
DADN/dbConnect.js: {}
DADN/dbConnect.js: {}
DADN/dbConnect.js: {}
DADN/IOTapp/client/src/routes/routes.js: {}
DADN/IOTapp/client/src/serviceWorker.js: {}
DADN/IOTapp/client/src/index.css: {}
DADN/IOTapp/client/src/index.js: {}
DADN/IOTapp/client/src/App.js: {}
DADN/IOTapp/client/src/routes/routes.js: {}
DADN/IOTapp/client/src/components/Dashboard.js: {}
DADN/IOTapp/client/src/components/Dashboard.js: {}
DADN/IOTapp/backend/routes/publisher.js: {}
DADN/IOTapp/backend/routes/publisher.js: {}
DADN/IOTapp/backend/routes/publisher.js: Using EditorConfig core...
DADN/IOTapp/backend/routes/publisher.js: Using EditorConfig core...
DADN/IOTapp/backend/routes/publisher.js: Using EditorConfig core...
DADN/IOTapp/backend/routes/publisher.js: Using EditorConfig core...
DADN/IOTapp/backend/routes/publisher.js: Using EditorConfig core...
DADN/IOTapp/backend/routes/publisher.js: Using EditorConfig core...
DADN/IOTapp/backend/routes/publisher.js: Using EditorConfig core...
DADN/IOTapp/client/src/components/Dashboard.js: {}
DADN/IOTapp/backend/routes/index.js: {}
DADN/IOTapp/client/src/components/Dashboard.js: {}
DADN/IOTapp/client/src/routes/routes.js: {}
DADN/IOTapp/client/src/App.js: {}
DADN/IOTapp/client/package.json: {}
DADN/IOTapp/backend/routes/publisher.js: {}
DADN/IOTapp/backend/routes/publisher.js: {}
DADN/IOTapp/backend/routes/subscriber.js: {}
DADN/IOTapp/backend/routes/subscriber.js: Using EditorConfig core...
DADN/IOTapp/backend/routes/subscriber.js: {}
DADN/IOTapp/backend/routes/subscriber.js: {}
DADN/IOTapp/backend/routes/subscriber.js: {}
DADN/dbConnect.js: {}
DADN/dbConnect.js: {}
DADN/dbConnect.js: {}
DADN/dbConnect.js: {}
DADN/dbConnect.js: {}
DADN/dbConnect.js: {}
DADN/dbConnect.js: {}
DADN/dbConnect.js: Using EditorConfig core...
DADN/dbConnect.js: {}
DADN/dbConnect.js: Using EditorConfig core...
DADN/dbConnect.js: {}
DADN/dbConnect.js: {}
DADN/dbConnect.js: {}
DADN/dbConnect.js: Using EditorConfig core...
DADN/dbConnect.js: {}
DADN/IOTapp/backend/dbConnect.js: {}
DADN/IOTapp/backend/dbConnect.js: {}
DADN/IOTapp/backend/dbConnect.js: Using EditorConfig core...
DADN/IOTapp/backend/dbConnect.js: Using EditorConfig core...
DADN/IOTapp/backend/dbConnect.js: Using EditorConfig core...
DADN/IOTapp/backend/dbConnect.js: {}
DADN/IOTapp/backend/routes/subscriber.js: {}
DADN/IOTapp/backend/routes/publisher.js: {}
DADN/IOTapp/backend/routes/publisher.js: Using EditorConfig core...
DADN/IOTapp/backend/routes/subscriber.js: {}
DADN/IOTapp/backend/routes/subscriber.js: {}
DADN/IOTapp/backend/routes/subscriber.js: {}
DADN/IOTapp/backend/dbConnect.js: {}
DADN/IOTapp/backend/dbConnect.js: {}
DADN/IOTapp/backend/dbConnect.js: {}
DADN/IOTapp/backend/dbConnect.js: Using EditorConfig core...
DADN/IOTapp/backend/dbConnect.js: Using EditorConfig core...
DADN/IOTapp/backend/dbConnect.js: Using EditorConfig core...
DADN/IOTapp/backend/dbConnect.js: {}
DADN/IOTapp/backend/dbConnect.js: Using EditorConfig core...
DADN/IOTapp/backend/dbConnect.js: {}
DADN/IOTapp/backend/dbConnect.js: Using EditorConfig core...
DADN/IOTapp/backend/dbConnect.js: {}
DADN/IOTapp/backend/dbConnect.js: Using EditorConfig core...
DADN/IOTapp/backend/dbConnect.js: {}
DADN/IOTapp/backend/dbConnect.js: {}
DADN/IOTapp/backend/dbConnect.js: Using EditorConfig core...
DADN/IOTapp/backend/dbConnect.js: {}
DADN/IOTapp/backend/dbConnect.js: Using EditorConfig core...
DADN/IOTapp/backend/dbConnect.js: Using EditorConfig core...
DADN/IOTapp/backend/dbConnect.js: {}
DADN/IOTapp/backend/dbConnect.js: Using EditorConfig core...
DADN/IOTapp/backend/dbConnect.js: Using EditorConfig core...
DADN/IOTapp/backend/dbConnect.js: Using EditorConfig core...
DADN/IOTapp/backend/dbConnect.js: {}
DADN/IOTapp/backend/dbConnect.js: Using EditorConfig core...
DADN/IOTapp/backend/dbConnect.js: {}
DADN/IOTapp/backend/dbConnect.js: {}
DADN/IOTapp/backend/dbConnect.js: {}
DADN/IOTapp/backend/config.env: {}
DADN/IOTapp/backend/config.env: {}
DADN/IOTapp/backend/config.env: {}
DADN/IOTapp/backend/dbConnect.js: {}
DADN/IOTapp/backend/config.env: {}
DADN/IOTapp/backend/config.env: Using EditorConfig core...
DADN/IOTapp/backend/config.env: Using EditorConfig core...
DADN/IOTapp/backend/dbConnect.js: {}
DADN/IOTapp/backend/dbConnect.js: Using EditorConfig core...
DADN/IOTapp/backend/config.env: {}
DADN/IOTapp/backend/config.env: {}
DADN/IOTapp/backend/dbConnect.js: {}
DADN/IOTapp/backend/dbConnect.js: Using EditorConfig core...
DADN/IOTapp/backend/dbConnect.js: Using EditorConfig core...
DADN/IOTapp/backend/config.env: {}
DADN/IOTapp/backend/dbConnect.js: {}
DADN/IOTapp/backend/dbConnect.js: Using EditorConfig core...
DADN/IOTapp/backend/app.js: {}
DADN/IOTapp/backend/dbConnect.js: {}
DADN/IOTapp/backend/dbConnect.js: Using EditorConfig core...
DADN/IOTapp/backend/dbConnect.js: Using EditorConfig core...
DADN/IOTapp/backend/dbConnect.js: Using EditorConfig core...
DADN/IOTapp/backend/dbConnect.js: {}
DADN/IOTapp/backend/app.js: {}
DADN/IOTapp/backend/dbConnect.js: {}
DADN/IOTapp/backend/config.env: {}
DADN/IOTapp/backend/dbConnect.js: {}
DADN/IOTapp/backend/dbConnect.js: {}
DADN/IOTapp/backend/dbConnect.js: {}
DADN/IOTapp/backend/config.env: {}
DADN/IOTapp/backend/config.env: Using EditorConfig core...
DADN/IOTapp/backend/dbConnect.js: {}
DADN/IOTapp/backend/dbConnect.js: Using EditorConfig core...
DADN/IOTapp/backend/config.env: {}
DADN/IOTapp/backend/config.env: Using EditorConfig core...
DADN/IOTapp/backend/dbConnect.js: {}
DADN/IOTapp/backend/config.env: {}
DADN/IOTapp/backend/config.env: Using EditorConfig core...
DADN/IOTapp/backend/dbConnect.js: {}
DADN/IOTapp/backend/dbConnect.js: Using EditorConfig core...
DADN/IOTapp/backend/config.env: {}
DADN/IOTapp/backend/config.env: Using EditorConfig core...
DADN/IOTapp/backend/config.env: Using EditorConfig core...
DADN/IOTapp/backend/dbConnect.js: {}
DADN/IOTapp/backend/dbConnect.js: Using EditorConfig core...
DADN/IOTapp/backend/dbConnect.js: Using EditorConfig core...
DADN/IOTapp/backend/dbConnect.js: Using EditorConfig core...
DADN/IOTapp/backend/config.env: {}
DADN/IOTapp/backend/config.env: {}
DADN/IOTapp/backend/config.env: {}
DADN/IOTapp/backend/config.env: {}
DADN/IOTapp/backend/config.env: {}
DADN/IOTapp/backend/dbConnect.js: {}
DADN/IOTapp/backend/dbConnect.js: Using EditorConfig core...
DADN/IOTapp/backend/dbConnect.js: {}
DADN/IOTapp/backend/dbConnect.js: {}
DADN/IOTapp/backend/dbConnect.js: Using EditorConfig core...
DADN/IOTapp/backend/dbConnect.js: Using EditorConfig core...
DADN/IOTapp/backend/dbConnect.js: {}
DADN/IOTapp/backend/dbConnect.js: {}
DADN/IOTapp/backend/dbConnect.js: Using EditorConfig core...
DADN/IOTapp/backend/dbConnect.js: Using EditorConfig core...
DADN/IOTapp/backend/dbConnect.js: Using EditorConfig core...
DADN/IOTapp/backend/dbConnect.js: {}
DADN/IOTapp/backend/dbConnect.js: Using EditorConfig core...
DADN/IOTapp/backend/dbConnect.js: Using EditorConfig core...
DADN/IOTapp/backend/dbConnect.js: {}
DADN/IOTapp/backend/dbConnect.js: Using EditorConfig core...
DADN/IOTapp/backend/dbConnect.js: Using EditorConfig core...
DADN/IOTapp/backend/dbConnect.js: {}
DADN/IOTapp/backend/dbConnect.js: {}
DADN/IOTapp/backend/dbConnect.js: {}
DADN/IOTapp/backend/dbConnect.js: Using EditorConfig core...
DADN/IOTapp/backend/dbConnect.js: Using EditorConfig core...
DADN/IOTapp/backend/dbConnect.js: {}
DADN/IOTapp/backend/dbConnect.js: Using EditorConfig core...
DADN/IOTapp/backend/dbConnect.js: {}
DADN/IOTapp/backend/dbConnect.js: Using EditorConfig core...
DADN/IOTapp/backend/dbConnect.js: {}
DADN/IOTapp/backend/dbConnect.js: Using EditorConfig core...
DADN/IOTapp/backend/dbConnect.js: {}
DADN/IOTapp/backend/dbConnect.js: Using EditorConfig core...
DADN/IOTapp/backend/dbConnect.js: {}
DADN/IOTapp/backend/dbConnect.js: Using EditorConfig core...
DADN/IOTapp/backend/dbConnect.js: {}
DADN/IOTapp/backend/dbConnect.js: Using EditorConfig core...
DADN/IOTapp/backend/dbConnect.js: {}
DADN/IOTapp/backend/dbConnect.js: Using EditorConfig core...
DADN/IOTapp/backend/dbConnect.js: Using EditorConfig core...
DADN/IOTapp/backend/dbConnect.js: Using EditorConfig core...
DADN/IOTapp/backend/dbConnect.js: {}
DADN/IOTapp/backend/dbConnect.js: Using EditorConfig core...
DADN/IOTapp/backend/dbConnect.js: {}
DADN/IOTapp/backend/dbConnect.js: {}
DADN/IOTapp/backend/dbConnect.js: Using EditorConfig core...
DADN/IOTapp/backend/dbConnect.js: {}
DADN/IOTapp/backend/dbConnect.js: {}
DADN/IOTapp/backend/dbConnect.js: Using EditorConfig core...
DADN/IOTapp/backend/dbConnect.js: {}
DADN/IOTapp/backend/dbConnect.js: {}
DADN/IOTapp/backend/dbConnect.js: {}
DADN/IOTapp/backend/dbConnect.js: Using EditorConfig core...
DADN/IOTapp/backend/dbConnect.js: {}
DADN/IOTapp/backend/dbConnect.js: {}
DADN/IOTapp/backend/dbConnect.js: Using EditorConfig core...
DADN/IOTapp/backend/dbConnect.js: {}
DADN/IOTapp/backend/dbConnect.js: Using EditorConfig core...
DADN/IOTapp/backend/dbConnect.js: {}
DADN/IOTapp/backend/dbConnect.js: Using EditorConfig core...
DADN/IOTapp/backend/dbConnect.js: {}
DADN/IOTapp/backend/dbConnect.js: Using EditorConfig core...
DADN/IOTapp/backend/dbConnect.js: Using EditorConfig core...
DADN/IOTapp/backend/dbConnect.js: Using EditorConfig core...
DADN/IOTapp/backend/dbConnect.js: {}
DADN/IOTapp/backend/dbConnect.js: {}
DADN/IOTapp/backend/dbConnect.js: Using EditorConfig core...
DADN/IOTapp/backend/dbConnect.js: {}
DADN/IOTapp/backend/dbConnect.js: {}
DADN/IOTapp/backend/dbConnect.js: {}
DADN/IOTapp/backend/dbConnect.js: Using EditorConfig core...
DADN/IOTapp/backend/dbConnect.js: {}
DADN/IOTapp/backend/dbConnect.js: Using EditorConfig core...
DADN/IOTapp/backend/dbConnect.js: Using EditorConfig core...
DADN/IOTapp/backend/dbConnect.js: {}
DADN/IOTapp/backend/dbConnect.js: {}
DADN/IOTapp/backend/dbConnect.js: {}
DADN/IOTapp/backend/dbConnect.js: {}
DADN/IOTapp/backend/dbConnect.js: Using EditorConfig core...
DADN/IOTapp/backend/dbConnect.js: Using EditorConfig core...
DADN/IOTapp/backend/dbConnect.js: {}
DADN/IOTapp/backend/dbConnect.js: Using EditorConfig core...
DADN/IOTapp/backend/dbConnect.js: Using EditorConfig core...
DADN/IOTapp/backend/dbConnect.js: {}
DADN/IOTapp/backend/dbConnect.js: {}
DADN/IOTapp/backend/dbConnect.js: {}
DADN/IOTapp/backend/dbConnect.js: Using EditorConfig core...
DADN/IOTapp/backend/dbConnect.js: {}
DADN/IOTapp/backend/dbConnect.js: {}
DADN/IOTapp/backend/dbConnect.js: Using EditorConfig core...
DADN/IOTapp/backend/dbConnect.js: {}
DADN/IOTapp/backend/dbConnect.js: {}
DADN/IOTapp/backend/dbConnect.js: {}
DADN/IOTapp/backend/dbConnect.js: Using EditorConfig core...
DADN/IOTapp/backend/dbConnect.js: {}
DADN/IOTapp/backend/dbConnect.js: Using EditorConfig core...
DADN/IOTapp/backend/dbConnect.js: {}
DADN/IOTapp/backend/dbConnect.js: Using EditorConfig core...
DADN/IOTapp/backend/dbConnect.js: {}
DADN/IOTapp/backend/dbConnect.js: {}
DADN/IOTapp/backend/dbConnect.js: {}
DADN/IOTapp/backend/dbConnect.js: {}
DADN/IOTapp/backend/config.env: {}
DADN/IOTapp/backend/config.env: Using EditorConfig core...
DADN/IOTapp/backend/package.json: {}
DADN/IOTapp/backend/dbConnect.js: {}
DADN/IOTapp/backend/dbConnect.js: {}
DADN/IOTapp/backend/dbConnect.js: Using EditorConfig core...
DADN/IOTapp/backend/dbConnect.js: Using EditorConfig core...
DADN/IOTapp/backend/package.json: {}
DADN/IOTapp/backend/config.env: {}
DADN/IOTapp/backend/config.env: Using EditorConfig core...
DADN/IOTapp/backend/dbConnect.js: {}
DADN/IOTapp/backend/dbConnect.js: Using EditorConfig core...
DADN/IOTapp/backend/dbConnect.js: {}
DADN/IOTapp/backend/model.js: {}
DADN/IOTapp/backend/model.js: {}
DADN/IOTapp/backend/model.js: {}
DADN/IOTapp/backend/dbConnect.js: {}
DADN/IOTapp/backend/dbConnect.js: Using EditorConfig core...
DADN/IOTapp/backend/dbConnect.js: {}
DADN/IOTapp/backend/dbConnect.js: {}
DADN/IOTapp/backend/dbConnect.js: Using EditorConfig core...
DADN/IOTapp/backend/dbConnect.js: Using EditorConfig core...
DADN/IOTapp/backend/dbConnect.js: Using EditorConfig core...
DADN/IOTapp/backend/dbConnect.js: Using EditorConfig core...
DADN/IOTapp/backend/dbConnect.js: {}
DADN/IOTapp/backend/dbConnect.js: {}
DADN/IOTapp/backend/dbConnect.js: {}
DADN/IOTapp/backend/dbConnect.js: Using EditorConfig core...
DADN/IOTapp/backend/dbConnect.js: Using EditorConfig core...
DADN/IOTapp/backend/dbConnect.js: {}
DADN/IOTapp/backend/dbConnect.js: Using EditorConfig core...
DADN/IOTapp/backend/dbConnect.js: Using EditorConfig core...
DADN/IOTapp/backend/dbConnect.js: {}
DADN/IOTapp/backend/dbConnect.js: {}
DADN/IOTapp/backend/dbConnect.js: Using EditorConfig core...
DADN/IOTapp/backend/dbConnect.js: {}
DADN/IOTapp/backend/models/sensorModel.js: {}
DADN/IOTapp/backend/models/sensorModel.js: {}
DADN/IOTapp/backend/models/sensorModel.js: Using EditorConfig core...
DADN/IOTapp/backend/models/sensorModel.js: {}
DADN/IOTapp/backend/models/sensorModel.js: {}
DADN/IOTapp/backend/models/sensorModel.js: {}
DADN/IOTapp/backend/models/sensorModel.js: Using EditorConfig core...
DADN/IOTapp/backend/models/sensorModel.js: {}
DADN/IOTapp/backend/models/sensorModel.js: {}
DADN/IOTapp/backend/models/sensorModel.js: Using EditorConfig core...
DADN/IOTapp/backend/models/sensorModel.js: {}
DADN/IOTapp/backend/models/sensorModel.js: Using EditorConfig core...
DADN/IOTapp/backend/models/sensorModel.js: Using EditorConfig core...
DADN/IOTapp/backend/models/sensorModel.js: Using EditorConfig core...
DADN/IOTapp/backend/models/sensorModel.js: {}
DADN/IOTapp/backend/models/sensorModel.js: {}
DADN/IOTapp/backend/models/sensorModel.js: Using EditorConfig core...
DADN/IOTapp/backend/models/sensorModel.js: {}
DADN/IOTapp/backend/models/sensorModel.js: Using EditorConfig core...
DADN/IOTapp/backend/models/sensorModel.js: {}
DADN/IOTapp/backend/models/sensorModel.js: {}
DADN/IOTapp/backend/models/sensorModel.js: {}
DADN/IOTapp/backend/models/sensorModel.js: Using EditorConfig core...
DADN/IOTapp/backend/models/sensorModel.js: {}
DADN/IOTapp/backend/models/sensorModel.js: Using EditorConfig core...
DADN/IOTapp/backend/models/sensorModel.js: Using EditorConfig core...
DADN/IOTapp/backend/models/sensorModel.js: {}
DADN/IOTapp/backend/models/sensorModel.js: {}
DADN/IOTapp/backend/models/sensorModel.js: Using EditorConfig core...
DADN/IOTapp/backend/models/sensorModel.js: Using EditorConfig core...
DADN/IOTapp/backend/models/sensorModel.js: {}
DADN/IOTapp/backend/dbConnect.js: {}
DADN/IOTapp/backend/dbConnect.js: Using EditorConfig core...
DADN/IOTapp/backend/dbConnect.js: {}
DADN/IOTapp/backend/package.json: {}
DADN/IOTapp/backend/dbConnect.js: {}
DADN/IOTapp/backend/models/sensorModel.js: {}
DADN/IOTapp/backend/models/sensorModel.js: Using EditorConfig core...
DADN/IOTapp/backend/models/sensorModel.js: {}
DADN/IOTapp/backend/dbConnect.js: {}
DADN/IOTapp/backend/dbConnect.js: {}
DADN/IOTapp/backend/dbConnect.js: Using EditorConfig core...
DADN/IOTapp/backend/app.js: {}
DADN/IOTapp/backend/models/sensorModel.js: {}
DADN/IOTapp/backend/app.js: {}
DADN/IOTapp/backend/dbConnect.js: {}
DADN/IOTapp/backend/dbConnect.js: {}
DADN/IOTapp/backend/app.js: {}
DADN/IOTapp/backend/models/sensorModel.js: {}
DADN/IOTapp/backend/app.js: {}
DADN/IOTapp/backend/models/sensorModel.js: {}
DADN/IOTapp/backend/app.js: {}
DADN/IOTapp/backend/app.js: {}
DADN/IOTapp/backend/app.js: {}
DADN/IOTapp/backend/app.js: {}
DADN/IOTapp/backend/app.js: {}
DADN/IOTapp/backend/routes/subscriber.js: {}
DADN/IOTapp/backend/routes/subscriber.js: Using EditorConfig core...
DADN/IOTapp/backend/routes/subscriber.js: {}
DADN/IOTapp/backend/app.js: {}
DADN/IOTapp/backend/app.js: {}
DADN/IOTapp/backend/dbConnect.js: {}
DADN/IOTapp/backend/package.json: {}
DADN/IOTapp/backend/package.json: {}
DADN/IOTapp/backend/models/sensorModel.js: {}
DADN/IOTapp/backend/routes/index.js: {}
DADN/IOTapp/backend/app.js: {}
DADN/IOTapp/backend/app.js: {}
DADN/IOTapp/backend/routes/index.js: {}
DADN/IOTapp/backend/dbConnect.js: {}
DADN/IOTapp/backend/app.js: {}
DADN/IOTapp/backend/models/sensorModel.js: {}
DADN/IOTapp/backend/models/sensorModel.js: {}
DADN/IOTapp/backend/routes/index.js: {}
DADN/IOTapp/backend/routes/index.js: Using EditorConfig core...
DADN/IOTapp/backend/routes/index.js: Using EditorConfig core...
DADN/IOTapp/backend/routes/index.js: {}
DADN/IOTapp/backend/routes/index.js: Using EditorConfig core...
DADN/IOTapp/backend/routes/index.js: {}
DADN/IOTapp/backend/routes/index.js: Using EditorConfig core...
DADN/IOTapp/backend/routes/index.js: Using EditorConfig core...
DADN/IOTapp/backend/routes/index.js: {}
DADN/IOTapp/backend/app.js: {}
DADN/IOTapp/backend/routes/index.js: {}
DADN/IOTapp/backend/routes/publisher.js: {}
DADN/IOTapp/backend/models/sensorModel.js: {}
DADN/IOTapp/backend/models/sensorModel.js: Using EditorConfig core...
DADN/IOTapp/backend/routes/index.js: {}
DADN/IOTapp/backend/routes/users.js: {}
DADN/IOTapp/backend/routes/index.js: {}
DADN/IOTapp/backend/routes/subscriber.js: {}
DADN/IOTapp/backend/routes/subscriber.js: Using EditorConfig core...
DADN/IOTapp/backend/routes/subscriber.js: Using EditorConfig core...
DADN/IOTapp/backend/app.js: {}
DADN/IOTapp/backend/routes/publisher.js: {}
DADN/IOTapp/backend/routes/subscriber.js: {}
DADN/IOTapp/backend/routes/publisher.js: {}
DADN/IOTapp/backend/routes/subscriber.js: {}
DADN/IOTapp/backend/routes/subscriber.js: Using EditorConfig core...
DADN/IOTapp/backend/routes/subscriber.js: Using EditorConfig core...
DADN/IOTapp/backend/routes/subscriber.js: Using EditorConfig core...
DADN/IOTapp/backend/routes/subscriber.js: Using EditorConfig core...
DADN/IOTapp/backend/models/sensorModel.js: {}
DADN/IOTapp/backend/models/sensorModel.js: {}
DADN/IOTapp/backend/models/sensorModel.js: Using EditorConfig core...
DADN/IOTapp/backend/routes/subscriber.js: {}
DADN/IOTapp/backend/routes/publisher.js: {}
DADN/IOTapp/backend/routes/subscriber.js: {}
DADN/IOTapp/backend/dbConnect.js: {}
DADN/IOTapp/backend/models/sensorModel.js: {}
DADN/IOTapp/backend/models/sensorModel.js: Using EditorConfig core...
DADN/IOTapp/backend/models/sensorModel.js: Using EditorConfig core...
DADN/IOTapp/backend/models/sensorModel.js: Using EditorConfig core...
DADN/IOTapp/backend/models/sensorModel.js: {}
DADN/IOTapp/backend/models/sensorModel.js: Using EditorConfig core...
DADN/IOTapp/backend/models/sensorModel.js: {}
DADN/IOTapp/backend/models/sensorModel.js: Using EditorConfig core...
DADN/IOTapp/backend/models/sensorModel.js: Using EditorConfig core...
DADN/IOTapp/backend/models/sensorModel.js: Using EditorConfig core...
DADN/IOTapp/backend/models/sensorModel.js: {}
DADN/IOTapp/backend/models/sensorModel.js: {}
DADN/IOTapp/backend/models/sensorModel.js: {}
DADN/IOTapp/backend/models/sensorModel.js: Using EditorConfig core...
DADN/IOTapp/backend/models/sensorModel.js: Using EditorConfig core...
DADN/IOTapp/backend/models/sensorModel.js: {}
DADN/IOTapp/backend/models/sensorModel.js: Using EditorConfig core...
DADN/IOTapp/backend/models/sensorModel.js: Using EditorConfig core...
DADN/IOTapp/backend/models/sensorModel.js: Using EditorConfig core...
DADN/IOTapp/backend/models/sensorModel.js: Using EditorConfig core...
DADN/IOTapp/backend/models/sensorModel.js: Using EditorConfig core...
DADN/IOTapp/backend/models/sensorModel.js: {}
DADN/IOTapp/backend/models/sensorModel.js: {}
DADN/IOTapp/backend/models/dbConnect.js: {}
DADN/IOTapp/backend/models/sensorModel.js: {}
DADN/IOTapp/backend/models/sensorModel.js: Using EditorConfig core...
DADN/IOTapp/backend/models/sensorModel.js: Using EditorConfig core...
DADN/IOTapp/backend/models/dbConnect.js: {}
DADN/IOTapp/backend/models/dbConnect.js: Using EditorConfig core...
DADN/IOTapp/backend/models/dbConnect.js: Using EditorConfig core...
DADN/IOTapp/backend/models/dbConnect.js: Using EditorConfig core...
DADN/IOTapp/backend/models/dbConnect.js: Using EditorConfig core...
DADN/IOTapp/backend/app.js: {}
DADN/IOTapp/backend/models/dbConnect.js: {}
DADN/IOTapp/backend/models/dbConnect.js: {}
DADN/IOTapp/backend/dbConnect.js: {}
DADN/IOTapp/backend/dbConnect.js: Using EditorConfig core...
DADN/IOTapp/backend/dbConnect.js: Using EditorConfig core...
DADN/IOTapp/backend/models/sensorModel.js: {}
DADN/IOTapp/backend/models/sensorModel.js: Using EditorConfig core...
DADN/IOTapp/backend/models/sensorModel.js: Using EditorConfig core...
DADN/IOTapp/backend/models/sensorModel.js: Using EditorConfig core...
DADN/IOTapp/backend/models/sensorModel.js: {}
DADN/IOTapp/backend/dbConnect.js: {}
DADN/IOTapp/backend/routes/index.js: {}
DADN/IOTapp/backend/routes/index.js: {}
DADN/IOTapp/backend/routes/subscriber.js: {}
DADN/IOTapp/backend/models/sensorModel.js: {}
DADN/IOTapp/backend/routes/subscriber.js: {}
DADN/IOTapp/backend/dbConnect.js: {}
DADN/IOTapp/backend/models/sensorModel.js: {}
DADN/IOTapp/backend/routes/subscriber.js: {}
DADN/IOTapp/backend/package.json: {}
DADN/IOTapp/backend/routes/subscriber.js: {}
DADN/IOTapp/backend/routes/index.js: {}
DADN/IOTapp/backend/dbConnect.js: {}
DADN/IOTapp/backend/models/sensorModel.js: {}
DADN/IOTapp/backend/dbConnect.js: {}
DADN/IOTapp/backend/models/sensorModel.js: {}
DADN/IOTapp/backend/dbConnect.js: {}
DADN/IOTapp/backend/config.env: {}
DADN/IOTapp/backend/config.env: Using EditorConfig core...
DADN/IOTapp/backend/dbConnect.js: {}
DADN/IOTapp/backend/routes/subscriber.js: {}
DADN/IOTapp/backend/models/sensorModel.js: {}
DADN/IOTapp/backend/models/sensorModel.js: {}
DADN/IOTapp/backend/models/sensorModel.js: Using EditorConfig core...
DADN/IOTapp/backend/models/sensorModel.js: {}
DADN/IOTapp/backend/routes/subscriber.js: {}
DADN/IOTapp/backend/routes/index.js: {}
DADN/IOTapp/backend/models/sensorModel.js: {}
DADN/IOTapp/backend/routes/subscriber.js: {}
DADN/IOTapp/backend/routes/index.js: {}
DADN/IOTapp/backend/routes/subscriber.js: {}
DADN/IOTapp/backend/routes/subscriber.js: {}
DADN/IOTapp/backend/models/sensorModel.js: {}
DADN/IOTapp/backend/routes/publisher.js: {}
DADN/IOTapp/backend/routes/subscriber.js: {}
DADN/IOTapp/backend/routes/subscriber.js: Using EditorConfig core...
DADN/IOTapp/backend/routes/subscriber.js: Using EditorConfig core...
DADN/IOTapp/backend/routes/subscriber.js: Using EditorConfig core...
DADN/IOTapp/backend/models/sensorModel.js: {}
DADN/IOTapp/backend/models/sensorModel.js: {}
DADN/IOTapp/backend/dbConnect.js: {}
DADN/IOTapp/backend/dbConnect.js: Using EditorConfig core...
DADN/IOTapp/backend/models/sensorModel.js: {}
DADN/IOTapp/backend/models/sensorModel.js: Using EditorConfig core...
DADN/IOTapp/backend/routes/users.js: {}
DADN/IOTapp/backend/models/sensorModel.js: {}
DADN/IOTapp/backend/dbConnect.js: {}
DADN/IOTapp/backend/routes/subscriber.js: {}
DADN/IOTapp/backend/models/sensorModel.js: {}
DADN/IOTapp/backend/dbConnect.js: {}
DADN/IOTapp/backend/dbConnect.js: {}
DADN/IOTapp/backend/dbConnect.js: Using EditorConfig core...
DADN/IOTapp/backend/routes/index.js: {}
DADN/IOTapp/backend/routes/subscriber.js: {}
DADN/IOTapp/backend/models/sensorModel.js: {}
DADN/IOTapp/backend/models/sensorModel.js: Using EditorConfig core...
